ERROR - 2022-12-01 02:09:24 --> mysqli_sql_exception: Column 'img_brg' cannot be null in C:\xampp\htdocs\proyek-web-charmer\ci-4\system\Database\MySQLi\Connection.php:292
Stack trace:
#0 C:\xampp\htdocs\proyek-web-charmer\ci-4\system\Database\MySQLi\Connection.php(292): mysqli->query('INSERT INTO `ba...', 0)
#1 C:\xampp\htdocs\proyek-web-charmer\ci-4\system\Database\BaseConnection.php(666): CodeIgniter\Database\MySQLi\Connection->execute('INSERT INTO `ba...')
#2 C:\xampp\htdocs\proyek-web-charmer\ci-4\system\Database\BaseConnection.php(593): CodeIgniter\Database\BaseConnection->simpleQuery('INSERT INTO `ba...')
#3 C:\xampp\htdocs\proyek-web-charmer\ci-4\system\Database\BaseBuilder.php(1916): CodeIgniter\Database\BaseConnection->query('INSERT INTO `ba...', Array, false)
#4 C:\xampp\htdocs\proyek-web-charmer\ci-4\system\Model.php(279): CodeIgniter\Database\BaseBuilder->insert()
#5 C:\xampp\htdocs\proyek-web-charmer\ci-4\system\BaseModel.php(749): CodeIgniter\Model->doInsert(Array)
#6 C:\xampp\htdocs\proyek-web-charmer\ci-4\system\Model.php(667): CodeIgniter\BaseModel->insert(Array, true)
#7 C:\xampp\htdocs\proyek-web-charmer\ci-4\app\Models\Barang.php(25): CodeIgniter\Model->insert(Array)
#8 C:\xampp\htdocs\proyek-web-charmer\ci-4\app\Controllers\Barang.php(33): App\Models\Barang->saveBarang(Array)
#9 C:\xampp\htdocs\proyek-web-charmer\ci-4\system\CodeIgniter.php(927): App\Controllers\Barang->save()
#10 C:\xampp\htdocs\proyek-web-charmer\ci-4\system\CodeIgniter.php(482): CodeIgniter\CodeIgniter->runController(Object(App\Controllers\Barang))
#11 C:\xampp\htdocs\proyek-web-charmer\ci-4\system\CodeIgniter.php(351): CodeIgniter\CodeIgniter->handleRequest(NULL, Object(Config\Cache), false)
#12 C:\xampp\htdocs\proyek-web-charmer\ci-4\public\index.php(67): CodeIgniter\CodeIgniter->run()
#13 C:\xampp\htdocs\proyek-web-charmer\ci-4\system\Commands\Server\rewrite.php(46): require_once('C:\\xampp\\htdocs...')
#14 {main}
CRITICAL - 2022-12-01 02:09:24 --> Column 'img_brg' cannot be null
in SYSTEMPATH\Database\MySQLi\Connection.php on line 292.
 1 SYSTEMPATH\Database\MySQLi\Connection.php(292): mysqli->query('INSERT INTO `barang` (`nama_brg`, `nama_artis`, `harga_brg`, `stok_brg`, `img_brg`, `id_kategori`) VALUES (\'Maxident\', \'Stray Kids\', \'25\', \'100\', NULL, NULL)', 0)
 2 SYSTEMPATH\Database\BaseConnection.php(666): CodeIgniter\Database\MySQLi\Connection->execute('INSERT INTO `barang` (`nama_brg`, `nama_artis`, `harga_brg`, `stok_brg`, `img_brg`, `id_kategori`) VALUES (\'Maxident\', \'Stray Kids\', \'25\', \'100\', NULL, NULL)')
 3 SYSTEMPATH\Database\BaseConnection.php(593): CodeIgniter\Database\BaseConnection->simpleQuery('INSERT INTO `barang` (`nama_brg`, `nama_artis`, `harga_brg`, `stok_brg`, `img_brg`, `id_kategori`) VALUES (\'Maxident\', \'Stray Kids\', \'25\', \'100\', NULL, NULL)')
 4 SYSTEMPATH\Database\BaseBuilder.php(1916): CodeIgniter\Database\BaseConnection->query('INSERT INTO `barang` (`nama_brg`, `nama_artis`, `harga_brg`, `stok_brg`, `img_brg`, `id_kategori`) VALUES (:nama_brg:, :nama_artis:, :harga_brg:, :stok_brg:, :img_brg:, :id_kategori:)', [...], false)
 5 SYSTEMPATH\Model.php(279): CodeIgniter\Database\BaseBuilder->insert()
 6 SYSTEMPATH\BaseModel.php(749): CodeIgniter\Model->doInsert([...])
 7 SYSTEMPATH\Model.php(667): CodeIgniter\BaseModel->insert([...], true)
 8 APPPATH\Models\Barang.php(25): CodeIgniter\Model->insert([...])
 9 APPPATH\Controllers\Barang.php(33): App\Models\Barang->saveBarang([...])
10 SYSTEMPATH\CodeIgniter.php(927): App\Controllers\Barang->save()
11 SYSTEMPATH\CodeIgniter.php(482): CodeIgniter\CodeIgniter->runController(Object(App\Controllers\Barang))
12 SYSTEMPATH\CodeIgniter.php(351): CodeIgniter\CodeIgniter->handleRequest(null, Object(Config\Cache), false)
13 FCPATH\index.php(67): CodeIgniter\CodeIgniter->run()
14 SYSTEMPATH\Commands\Server\rewrite.php(46): require_once('FCPATH\\index.php')
ERROR - 2022-12-01 02:11:33 --> mysqli_sql_exception: Column 'img_brg' cannot be null in C:\xampp\htdocs\proyek-web-charmer\ci-4\system\Database\MySQLi\Connection.php:292
Stack trace:
#0 C:\xampp\htdocs\proyek-web-charmer\ci-4\system\Database\MySQLi\Connection.php(292): mysqli->query('INSERT INTO `ba...', 0)
#1 C:\xampp\htdocs\proyek-web-charmer\ci-4\system\Database\BaseConnection.php(666): CodeIgniter\Database\MySQLi\Connection->execute('INSERT INTO `ba...')
#2 C:\xampp\htdocs\proyek-web-charmer\ci-4\system\Database\BaseConnection.php(593): CodeIgniter\Database\BaseConnection->simpleQuery('INSERT INTO `ba...')
#3 C:\xampp\htdocs\proyek-web-charmer\ci-4\system\Database\BaseBuilder.php(1916): CodeIgniter\Database\BaseConnection->query('INSERT INTO `ba...', Array, false)
#4 C:\xampp\htdocs\proyek-web-charmer\ci-4\system\Model.php(279): CodeIgniter\Database\BaseBuilder->insert()
#5 C:\xampp\htdocs\proyek-web-charmer\ci-4\system\BaseModel.php(749): CodeIgniter\Model->doInsert(Array)
#6 C:\xampp\htdocs\proyek-web-charmer\ci-4\system\Model.php(667): CodeIgniter\BaseModel->insert(Array, true)
#7 C:\xampp\htdocs\proyek-web-charmer\ci-4\app\Models\Barang.php(25): CodeIgniter\Model->insert(Array)
#8 C:\xampp\htdocs\proyek-web-charmer\ci-4\app\Controllers\Barang.php(33): App\Models\Barang->saveBarang(Array)
#9 C:\xampp\htdocs\proyek-web-charmer\ci-4\system\CodeIgniter.php(927): App\Controllers\Barang->save()
#10 C:\xampp\htdocs\proyek-web-charmer\ci-4\system\CodeIgniter.php(482): CodeIgniter\CodeIgniter->runController(Object(App\Controllers\Barang))
#11 C:\xampp\htdocs\proyek-web-charmer\ci-4\system\CodeIgniter.php(351): CodeIgniter\CodeIgniter->handleRequest(NULL, Object(Config\Cache), false)
#12 C:\xampp\htdocs\proyek-web-charmer\ci-4\public\index.php(67): CodeIgniter\CodeIgniter->run()
#13 C:\xampp\htdocs\proyek-web-charmer\ci-4\system\Commands\Server\rewrite.php(46): require_once('C:\\xampp\\htdocs...')
#14 {main}
CRITICAL - 2022-12-01 02:11:33 --> Column 'img_brg' cannot be null
in SYSTEMPATH\Database\MySQLi\Connection.php on line 292.
 1 SYSTEMPATH\Database\MySQLi\Connection.php(292): mysqli->query('INSERT INTO `barang` (`nama_brg`, `nama_artis`, `harga_brg`, `stok_brg`, `img_brg`, `id_kategori`) VALUES (\'Maxident\', \'Stray Kids\', \'25\', \'100\', NULL, NULL)', 0)
 2 SYSTEMPATH\Database\BaseConnection.php(666): CodeIgniter\Database\MySQLi\Connection->execute('INSERT INTO `barang` (`nama_brg`, `nama_artis`, `harga_brg`, `stok_brg`, `img_brg`, `id_kategori`) VALUES (\'Maxident\', \'Stray Kids\', \'25\', \'100\', NULL, NULL)')
 3 SYSTEMPATH\Database\BaseConnection.php(593): CodeIgniter\Database\BaseConnection->simpleQuery('INSERT INTO `barang` (`nama_brg`, `nama_artis`, `harga_brg`, `stok_brg`, `img_brg`, `id_kategori`) VALUES (\'Maxident\', \'Stray Kids\', \'25\', \'100\', NULL, NULL)')
 4 SYSTEMPATH\Database\BaseBuilder.php(1916): CodeIgniter\Database\BaseConnection->query('INSERT INTO `barang` (`nama_brg`, `nama_artis`, `harga_brg`, `stok_brg`, `img_brg`, `id_kategori`) VALUES (:nama_brg:, :nama_artis:, :harga_brg:, :stok_brg:, :img_brg:, :id_kategori:)', [...], false)
 5 SYSTEMPATH\Model.php(279): CodeIgniter\Database\BaseBuilder->insert()
 6 SYSTEMPATH\BaseModel.php(749): CodeIgniter\Model->doInsert([...])
 7 SYSTEMPATH\Model.php(667): CodeIgniter\BaseModel->insert([...], true)
 8 APPPATH\Models\Barang.php(25): CodeIgniter\Model->insert([...])
 9 APPPATH\Controllers\Barang.php(33): App\Models\Barang->saveBarang([...])
10 SYSTEMPATH\CodeIgniter.php(927): App\Controllers\Barang->save()
11 SYSTEMPATH\CodeIgniter.php(482): CodeIgniter\CodeIgniter->runController(Object(App\Controllers\Barang))
12 SYSTEMPATH\CodeIgniter.php(351): CodeIgniter\CodeIgniter->handleRequest(null, Object(Config\Cache), false)
13 FCPATH\index.php(67): CodeIgniter\CodeIgniter->run()
14 SYSTEMPATH\Commands\Server\rewrite.php(46): require_once('FCPATH\\index.php')
ERROR - 2022-12-01 02:11:44 --> mysqli_sql_exception: Column 'id_kategori' cannot be null in C:\xampp\htdocs\proyek-web-charmer\ci-4\system\Database\MySQLi\Connection.php:292
Stack trace:
#0 C:\xampp\htdocs\proyek-web-charmer\ci-4\system\Database\MySQLi\Connection.php(292): mysqli->query('INSERT INTO `ba...', 0)
#1 C:\xampp\htdocs\proyek-web-charmer\ci-4\system\Database\BaseConnection.php(666): CodeIgniter\Database\MySQLi\Connection->execute('INSERT INTO `ba...')
#2 C:\xampp\htdocs\proyek-web-charmer\ci-4\system\Database\BaseConnection.php(593): CodeIgniter\Database\BaseConnection->simpleQuery('INSERT INTO `ba...')
#3 C:\xampp\htdocs\proyek-web-charmer\ci-4\system\Database\BaseBuilder.php(1916): CodeIgniter\Database\BaseConnection->query('INSERT INTO `ba...', Array, false)
#4 C:\xampp\htdocs\proyek-web-charmer\ci-4\system\Model.php(279): CodeIgniter\Database\BaseBuilder->insert()
#5 C:\xampp\htdocs\proyek-web-charmer\ci-4\system\BaseModel.php(749): CodeIgniter\Model->doInsert(Array)
#6 C:\xampp\htdocs\proyek-web-charmer\ci-4\system\Model.php(667): CodeIgniter\BaseModel->insert(Array, true)
#7 C:\xampp\htdocs\proyek-web-charmer\ci-4\app\Models\Barang.php(25): CodeIgniter\Model->insert(Array)
#8 C:\xampp\htdocs\proyek-web-charmer\ci-4\app\Controllers\Barang.php(33): App\Models\Barang->saveBarang(Array)
#9 C:\xampp\htdocs\proyek-web-charmer\ci-4\system\CodeIgniter.php(927): App\Controllers\Barang->save()
#10 C:\xampp\htdocs\proyek-web-charmer\ci-4\system\CodeIgniter.php(482): CodeIgniter\CodeIgniter->runController(Object(App\Controllers\Barang))
#11 C:\xampp\htdocs\proyek-web-charmer\ci-4\system\CodeIgniter.php(351): CodeIgniter\CodeIgniter->handleRequest(NULL, Object(Config\Cache), false)
#12 C:\xampp\htdocs\proyek-web-charmer\ci-4\public\index.php(67): CodeIgniter\CodeIgniter->run()
#13 C:\xampp\htdocs\proyek-web-charmer\ci-4\system\Commands\Server\rewrite.php(46): require_once('C:\\xampp\\htdocs...')
#14 {main}
CRITICAL - 2022-12-01 02:11:44 --> Column 'id_kategori' cannot be null
in SYSTEMPATH\Database\MySQLi\Connection.php on line 292.
 1 SYSTEMPATH\Database\MySQLi\Connection.php(292): mysqli->query('INSERT INTO `barang` (`nama_brg`, `nama_artis`, `harga_brg`, `stok_brg`, `img_brg`, `id_kategori`) VALUES (\'Maxident\', \'Stray Kids\', \'25\', \'100\', \'po9.png\', NULL)', 0)
 2 SYSTEMPATH\Database\BaseConnection.php(666): CodeIgniter\Database\MySQLi\Connection->execute('INSERT INTO `barang` (`nama_brg`, `nama_artis`, `harga_brg`, `stok_brg`, `img_brg`, `id_kategori`) VALUES (\'Maxident\', \'Stray Kids\', \'25\', \'100\', \'po9.png\', NULL)')
 3 SYSTEMPATH\Database\BaseConnection.php(593): CodeIgniter\Database\BaseConnection->simpleQuery('INSERT INTO `barang` (`nama_brg`, `nama_artis`, `harga_brg`, `stok_brg`, `img_brg`, `id_kategori`) VALUES (\'Maxident\', \'Stray Kids\', \'25\', \'100\', \'po9.png\', NULL)')
 4 SYSTEMPATH\Database\BaseBuilder.php(1916): CodeIgniter\Database\BaseConnection->query('INSERT INTO `barang` (`nama_brg`, `nama_artis`, `harga_brg`, `stok_brg`, `img_brg`, `id_kategori`) VALUES (:nama_brg:, :nama_artis:, :harga_brg:, :stok_brg:, :img_brg:, :id_kategori:)', [...], false)
 5 SYSTEMPATH\Model.php(279): CodeIgniter\Database\BaseBuilder->insert()
 6 SYSTEMPATH\BaseModel.php(749): CodeIgniter\Model->doInsert([...])
 7 SYSTEMPATH\Model.php(667): CodeIgniter\BaseModel->insert([...], true)
 8 APPPATH\Models\Barang.php(25): CodeIgniter\Model->insert([...])
 9 APPPATH\Controllers\Barang.php(33): App\Models\Barang->saveBarang([...])
10 SYSTEMPATH\CodeIgniter.php(927): App\Controllers\Barang->save()
11 SYSTEMPATH\CodeIgniter.php(482): CodeIgniter\CodeIgniter->runController(Object(App\Controllers\Barang))
12 SYSTEMPATH\CodeIgniter.php(351): CodeIgniter\CodeIgniter->handleRequest(null, Object(Config\Cache), false)
13 FCPATH\index.php(67): CodeIgniter\CodeIgniter->run()
14 SYSTEMPATH\Commands\Server\rewrite.php(46): require_once('FCPATH\\index.php')
ERROR - 2022-12-01 02:11:54 --> mysqli_sql_exception: Column 'id_kategori' cannot be null in C:\xampp\htdocs\proyek-web-charmer\ci-4\system\Database\MySQLi\Connection.php:292
Stack trace:
#0 C:\xampp\htdocs\proyek-web-charmer\ci-4\system\Database\MySQLi\Connection.php(292): mysqli->query('INSERT INTO `ba...', 0)
#1 C:\xampp\htdocs\proyek-web-charmer\ci-4\system\Database\BaseConnection.php(666): CodeIgniter\Database\MySQLi\Connection->execute('INSERT INTO `ba...')
#2 C:\xampp\htdocs\proyek-web-charmer\ci-4\system\Database\BaseConnection.php(593): CodeIgniter\Database\BaseConnection->simpleQuery('INSERT INTO `ba...')
#3 C:\xampp\htdocs\proyek-web-charmer\ci-4\system\Database\BaseBuilder.php(1916): CodeIgniter\Database\BaseConnection->query('INSERT INTO `ba...', Array, false)
#4 C:\xampp\htdocs\proyek-web-charmer\ci-4\system\Model.php(279): CodeIgniter\Database\BaseBuilder->insert()
#5 C:\xampp\htdocs\proyek-web-charmer\ci-4\system\BaseModel.php(749): CodeIgniter\Model->doInsert(Array)
#6 C:\xampp\htdocs\proyek-web-charmer\ci-4\system\Model.php(667): CodeIgniter\BaseModel->insert(Array, true)
#7 C:\xampp\htdocs\proyek-web-charmer\ci-4\app\Models\Barang.php(25): CodeIgniter\Model->insert(Array)
#8 C:\xampp\htdocs\proyek-web-charmer\ci-4\app\Controllers\Barang.php(33): App\Models\Barang->saveBarang(Array)
#9 C:\xampp\htdocs\proyek-web-charmer\ci-4\system\CodeIgniter.php(927): App\Controllers\Barang->save()
#10 C:\xampp\htdocs\proyek-web-charmer\ci-4\system\CodeIgniter.php(482): CodeIgniter\CodeIgniter->runController(Object(App\Controllers\Barang))
#11 C:\xampp\htdocs\proyek-web-charmer\ci-4\system\CodeIgniter.php(351): CodeIgniter\CodeIgniter->handleRequest(NULL, Object(Config\Cache), false)
#12 C:\xampp\htdocs\proyek-web-charmer\ci-4\public\index.php(67): CodeIgniter\CodeIgniter->run()
#13 C:\xampp\htdocs\proyek-web-charmer\ci-4\system\Commands\Server\rewrite.php(46): require_once('C:\\xampp\\htdocs...')
#14 {main}
CRITICAL - 2022-12-01 02:11:54 --> Column 'id_kategori' cannot be null
in SYSTEMPATH\Database\MySQLi\Connection.php on line 292.
 1 SYSTEMPATH\Database\MySQLi\Connection.php(292): mysqli->query('INSERT INTO `barang` (`nama_brg`, `nama_artis`, `harga_brg`, `stok_brg`, `img_brg`, `id_kategori`) VALUES (\'Maxident\', \'Stray Kids\', \'25\', \'100\', \'po9.png\', NULL)', 0)
 2 SYSTEMPATH\Database\BaseConnection.php(666): CodeIgniter\Database\MySQLi\Connection->execute('INSERT INTO `barang` (`nama_brg`, `nama_artis`, `harga_brg`, `stok_brg`, `img_brg`, `id_kategori`) VALUES (\'Maxident\', \'Stray Kids\', \'25\', \'100\', \'po9.png\', NULL)')
 3 SYSTEMPATH\Database\BaseConnection.php(593): CodeIgniter\Database\BaseConnection->simpleQuery('INSERT INTO `barang` (`nama_brg`, `nama_artis`, `harga_brg`, `stok_brg`, `img_brg`, `id_kategori`) VALUES (\'Maxident\', \'Stray Kids\', \'25\', \'100\', \'po9.png\', NULL)')
 4 SYSTEMPATH\Database\BaseBuilder.php(1916): CodeIgniter\Database\BaseConnection->query('INSERT INTO `barang` (`nama_brg`, `nama_artis`, `harga_brg`, `stok_brg`, `img_brg`, `id_kategori`) VALUES (:nama_brg:, :nama_artis:, :harga_brg:, :stok_brg:, :img_brg:, :id_kategori:)', [...], false)
 5 SYSTEMPATH\Model.php(279): CodeIgniter\Database\BaseBuilder->insert()
 6 SYSTEMPATH\BaseModel.php(749): CodeIgniter\Model->doInsert([...])
 7 SYSTEMPATH\Model.php(667): CodeIgniter\BaseModel->insert([...], true)
 8 APPPATH\Models\Barang.php(25): CodeIgniter\Model->insert([...])
 9 APPPATH\Controllers\Barang.php(33): App\Models\Barang->saveBarang([...])
10 SYSTEMPATH\CodeIgniter.php(927): App\Controllers\Barang->save()
11 SYSTEMPATH\CodeIgniter.php(482): CodeIgniter\CodeIgniter->runController(Object(App\Controllers\Barang))
12 SYSTEMPATH\CodeIgniter.php(351): CodeIgniter\CodeIgniter->handleRequest(null, Object(Config\Cache), false)
13 FCPATH\index.php(67): CodeIgniter\CodeIgniter->run()
14 SYSTEMPATH\Commands\Server\rewrite.php(46): require_once('FCPATH\\index.php')
ERROR - 2022-12-01 02:12:08 --> mysqli_sql_exception: Column 'id_kategori' cannot be null in C:\xampp\htdocs\proyek-web-charmer\ci-4\system\Database\MySQLi\Connection.php:292
Stack trace:
#0 C:\xampp\htdocs\proyek-web-charmer\ci-4\system\Database\MySQLi\Connection.php(292): mysqli->query('INSERT INTO `ba...', 0)
#1 C:\xampp\htdocs\proyek-web-charmer\ci-4\system\Database\BaseConnection.php(666): CodeIgniter\Database\MySQLi\Connection->execute('INSERT INTO `ba...')
#2 C:\xampp\htdocs\proyek-web-charmer\ci-4\system\Database\BaseConnection.php(593): CodeIgniter\Database\BaseConnection->simpleQuery('INSERT INTO `ba...')
#3 C:\xampp\htdocs\proyek-web-charmer\ci-4\system\Database\BaseBuilder.php(1916): CodeIgniter\Database\BaseConnection->query('INSERT INTO `ba...', Array, false)
#4 C:\xampp\htdocs\proyek-web-charmer\ci-4\system\Model.php(279): CodeIgniter\Database\BaseBuilder->insert()
#5 C:\xampp\htdocs\proyek-web-charmer\ci-4\system\BaseModel.php(749): CodeIgniter\Model->doInsert(Array)
#6 C:\xampp\htdocs\proyek-web-charmer\ci-4\system\Model.php(667): CodeIgniter\BaseModel->insert(Array, true)
#7 C:\xampp\htdocs\proyek-web-charmer\ci-4\app\Models\Barang.php(25): CodeIgniter\Model->insert(Array)
#8 C:\xampp\htdocs\proyek-web-charmer\ci-4\app\Controllers\Barang.php(33): App\Models\Barang->saveBarang(Array)
#9 C:\xampp\htdocs\proyek-web-charmer\ci-4\system\CodeIgniter.php(927): App\Controllers\Barang->save()
#10 C:\xampp\htdocs\proyek-web-charmer\ci-4\system\CodeIgniter.php(482): CodeIgniter\CodeIgniter->runController(Object(App\Controllers\Barang))
#11 C:\xampp\htdocs\proyek-web-charmer\ci-4\system\CodeIgniter.php(351): CodeIgniter\CodeIgniter->handleRequest(NULL, Object(Config\Cache), false)
#12 C:\xampp\htdocs\proyek-web-charmer\ci-4\public\index.php(67): CodeIgniter\CodeIgniter->run()
#13 C:\xampp\htdocs\proyek-web-charmer\ci-4\system\Commands\Server\rewrite.php(46): require_once('C:\\xampp\\htdocs...')
#14 {main}
CRITICAL - 2022-12-01 02:12:08 --> Column 'id_kategori' cannot be null
in SYSTEMPATH\Database\MySQLi\Connection.php on line 292.
 1 SYSTEMPATH\Database\MySQLi\Connection.php(292): mysqli->query('INSERT INTO `barang` (`nama_brg`, `nama_artis`, `harga_brg`, `stok_brg`, `img_brg`, `id_kategori`) VALUES (\'Maxident\', \'Stray Kids\', \'25\', \'100\', \'po9.pn\', NULL)', 0)
 2 SYSTEMPATH\Database\BaseConnection.php(666): CodeIgniter\Database\MySQLi\Connection->execute('INSERT INTO `barang` (`nama_brg`, `nama_artis`, `harga_brg`, `stok_brg`, `img_brg`, `id_kategori`) VALUES (\'Maxident\', \'Stray Kids\', \'25\', \'100\', \'po9.pn\', NULL)')
 3 SYSTEMPATH\Database\BaseConnection.php(593): CodeIgniter\Database\BaseConnection->simpleQuery('INSERT INTO `barang` (`nama_brg`, `nama_artis`, `harga_brg`, `stok_brg`, `img_brg`, `id_kategori`) VALUES (\'Maxident\', \'Stray Kids\', \'25\', \'100\', \'po9.pn\', NULL)')
 4 SYSTEMPATH\Database\BaseBuilder.php(1916): CodeIgniter\Database\BaseConnection->query('INSERT INTO `barang` (`nama_brg`, `nama_artis`, `harga_brg`, `stok_brg`, `img_brg`, `id_kategori`) VALUES (:nama_brg:, :nama_artis:, :harga_brg:, :stok_brg:, :img_brg:, :id_kategori:)', [...], false)
 5 SYSTEMPATH\Model.php(279): CodeIgniter\Database\BaseBuilder->insert()
 6 SYSTEMPATH\BaseModel.php(749): CodeIgniter\Model->doInsert([...])
 7 SYSTEMPATH\Model.php(667): CodeIgniter\BaseModel->insert([...], true)
 8 APPPATH\Models\Barang.php(25): CodeIgniter\Model->insert([...])
 9 APPPATH\Controllers\Barang.php(33): App\Models\Barang->saveBarang([...])
10 SYSTEMPATH\CodeIgniter.php(927): App\Controllers\Barang->save()
11 SYSTEMPATH\CodeIgniter.php(482): CodeIgniter\CodeIgniter->runController(Object(App\Controllers\Barang))
12 SYSTEMPATH\CodeIgniter.php(351): CodeIgniter\CodeIgniter->handleRequest(null, Object(Config\Cache), false)
13 FCPATH\index.php(67): CodeIgniter\CodeIgniter->run()
14 SYSTEMPATH\Commands\Server\rewrite.php(46): require_once('FCPATH\\index.php')
CRITICAL - 2022-12-01 03:04:52 --> Invalid file: Barang.php
in SYSTEMPATH\Exceptions\FrameworkException.php on line 33.
 1 SYSTEMPATH\View\View.php(201): CodeIgniter\Exceptions\FrameworkException::forInvalidFile('Barang.php')
 2 SYSTEMPATH\Common.php(1134): CodeIgniter\View\View->render('Barang', [], true)
 3 APPPATH\Controllers\Barang.php(16): view('Barang', [...])
 4 SYSTEMPATH\CodeIgniter.php(927): App\Controllers\Barang->index()
 5 SYSTEMPATH\CodeIgniter.php(482): CodeIgniter\CodeIgniter->runController(Object(App\Controllers\Barang))
 6 SYSTEMPATH\CodeIgniter.php(351): CodeIgniter\CodeIgniter->handleRequest(null, Object(Config\Cache), false)
 7 FCPATH\index.php(67): CodeIgniter\CodeIgniter->run()
 8 SYSTEMPATH\Commands\Server\rewrite.php(46): require_once('FCPATH\\index.php')
CRITICAL - 2022-12-01 03:14:30 --> Undefined variable $Barang
in APPPATH\Views\admin\Barang.php on line 45.
 1 APPPATH\Views\admin\Barang.php(45): CodeIgniter\Debug\Exceptions->errorHandler(2, 'Undefined variable $Barang', 'APPPATH\\Views\\admin\\Barang.php', 45)
 2 SYSTEMPATH\View\View.php(213): include('APPPATH\\Views\\admin\\Barang.php')
 3 SYSTEMPATH\View\View.php(216): CodeIgniter\View\View->CodeIgniter\View\{closure}()
 4 SYSTEMPATH\Common.php(1134): CodeIgniter\View\View->render('admin/Barang', [], true)
 5 APPPATH\Controllers\Admin.php(9): view('admin/Barang')
 6 SYSTEMPATH\CodeIgniter.php(927): App\Controllers\Admin->barang()
 7 SYSTEMPATH\CodeIgniter.php(482): CodeIgniter\CodeIgniter->runController(Object(App\Controllers\Admin))
 8 SYSTEMPATH\CodeIgniter.php(351): CodeIgniter\CodeIgniter->handleRequest(null, Object(Config\Cache), false)
 9 FCPATH\index.php(67): CodeIgniter\CodeIgniter->run()
10 SYSTEMPATH\Commands\Server\rewrite.php(46): require_once('FCPATH\\index.php')
CRITICAL - 2022-12-01 03:17:49 --> Undefined variable $admin
in APPPATH\Views\admin\Barang.php on line 45.
 1 APPPATH\Views\admin\Barang.php(45): CodeIgniter\Debug\Exceptions->errorHandler(2, 'Undefined variable $admin', 'APPPATH\\Views\\admin\\Barang.php', 45)
 2 SYSTEMPATH\View\View.php(213): include('APPPATH\\Views\\admin\\Barang.php')
 3 SYSTEMPATH\View\View.php(216): CodeIgniter\View\View->CodeIgniter\View\{closure}()
 4 SYSTEMPATH\Common.php(1134): CodeIgniter\View\View->render('admin/Barang', [], true)
 5 APPPATH\Controllers\Admin.php(9): view('admin/Barang')
 6 SYSTEMPATH\CodeIgniter.php(927): App\Controllers\Admin->barang()
 7 SYSTEMPATH\CodeIgniter.php(482): CodeIgniter\CodeIgniter->runController(Object(App\Controllers\Admin))
 8 SYSTEMPATH\CodeIgniter.php(351): CodeIgniter\CodeIgniter->handleRequest(null, Object(Config\Cache), false)
 9 FCPATH\index.php(67): CodeIgniter\CodeIgniter->run()
10 SYSTEMPATH\Commands\Server\rewrite.php(46): require_once('FCPATH\\index.php')
CRITICAL - 2022-12-01 03:18:06 --> Undefined variable $barang
in APPPATH\Views\admin\Barang.php on line 45.
 1 APPPATH\Views\admin\Barang.php(45): CodeIgniter\Debug\Exceptions->errorHandler(2, 'Undefined variable $barang', 'APPPATH\\Views\\admin\\Barang.php', 45)
 2 SYSTEMPATH\View\View.php(213): include('APPPATH\\Views\\admin\\Barang.php')
 3 SYSTEMPATH\View\View.php(216): CodeIgniter\View\View->CodeIgniter\View\{closure}()
 4 SYSTEMPATH\Common.php(1134): CodeIgniter\View\View->render('admin/Barang', [], true)
 5 APPPATH\Controllers\Admin.php(9): view('admin/Barang')
 6 SYSTEMPATH\CodeIgniter.php(927): App\Controllers\Admin->barang()
 7 SYSTEMPATH\CodeIgniter.php(482): CodeIgniter\CodeIgniter->runController(Object(App\Controllers\Admin))
 8 SYSTEMPATH\CodeIgniter.php(351): CodeIgniter\CodeIgniter->handleRequest(null, Object(Config\Cache), false)
 9 FCPATH\index.php(67): CodeIgniter\CodeIgniter->run()
10 SYSTEMPATH\Commands\Server\rewrite.php(46): require_once('FCPATH\\index.php')
CRITICAL - 2022-12-01 03:21:12 --> Undefined variable $barang
in APPPATH\Views\admin\Barang.php on line 45.
 1 APPPATH\Views\admin\Barang.php(45): CodeIgniter\Debug\Exceptions->errorHandler(2, 'Undefined variable $barang', 'APPPATH\\Views\\admin\\Barang.php', 45)
 2 SYSTEMPATH\View\View.php(213): include('APPPATH\\Views\\admin\\Barang.php')
 3 SYSTEMPATH\View\View.php(216): CodeIgniter\View\View->CodeIgniter\View\{closure}()
 4 SYSTEMPATH\Common.php(1134): CodeIgniter\View\View->render('admin/Barang', [], true)
 5 APPPATH\Controllers\Admin.php(9): view('admin/Barang')
 6 SYSTEMPATH\CodeIgniter.php(927): App\Controllers\Admin->barang()
 7 SYSTEMPATH\CodeIgniter.php(482): CodeIgniter\CodeIgniter->runController(Object(App\Controllers\Admin))
 8 SYSTEMPATH\CodeIgniter.php(351): CodeIgniter\CodeIgniter->handleRequest(null, Object(Config\Cache), false)
 9 FCPATH\index.php(67): CodeIgniter\CodeIgniter->run()
10 SYSTEMPATH\Commands\Server\rewrite.php(46): require_once('FCPATH\\index.php')
CRITICAL - 2022-12-01 03:21:13 --> Undefined variable $barang
in APPPATH\Views\admin\Barang.php on line 45.
 1 APPPATH\Views\admin\Barang.php(45): CodeIgniter\Debug\Exceptions->errorHandler(2, 'Undefined variable $barang', 'APPPATH\\Views\\admin\\Barang.php', 45)
 2 SYSTEMPATH\View\View.php(213): include('APPPATH\\Views\\admin\\Barang.php')
 3 SYSTEMPATH\View\View.php(216): CodeIgniter\View\View->CodeIgniter\View\{closure}()
 4 SYSTEMPATH\Common.php(1134): CodeIgniter\View\View->render('admin/Barang', [], true)
 5 APPPATH\Controllers\Admin.php(9): view('admin/Barang')
 6 SYSTEMPATH\CodeIgniter.php(927): App\Controllers\Admin->barang()
 7 SYSTEMPATH\CodeIgniter.php(482): CodeIgniter\CodeIgniter->runController(Object(App\Controllers\Admin))
 8 SYSTEMPATH\CodeIgniter.php(351): CodeIgniter\CodeIgniter->handleRequest(null, Object(Config\Cache), false)
 9 FCPATH\index.php(67): CodeIgniter\CodeIgniter->run()
10 SYSTEMPATH\Commands\Server\rewrite.php(46): require_once('FCPATH\\index.php')
CRITICAL - 2022-12-01 03:21:14 --> Undefined variable $barang
in APPPATH\Views\admin\Barang.php on line 45.
 1 APPPATH\Views\admin\Barang.php(45): CodeIgniter\Debug\Exceptions->errorHandler(2, 'Undefined variable $barang', 'APPPATH\\Views\\admin\\Barang.php', 45)
 2 SYSTEMPATH\View\View.php(213): include('APPPATH\\Views\\admin\\Barang.php')
 3 SYSTEMPATH\View\View.php(216): CodeIgniter\View\View->CodeIgniter\View\{closure}()
 4 SYSTEMPATH\Common.php(1134): CodeIgniter\View\View->render('admin/Barang', [], true)
 5 APPPATH\Controllers\Admin.php(9): view('admin/Barang')
 6 SYSTEMPATH\CodeIgniter.php(927): App\Controllers\Admin->barang()
 7 SYSTEMPATH\CodeIgniter.php(482): CodeIgniter\CodeIgniter->runController(Object(App\Controllers\Admin))
 8 SYSTEMPATH\CodeIgniter.php(351): CodeIgniter\CodeIgniter->handleRequest(null, Object(Config\Cache), false)
 9 FCPATH\index.php(67): CodeIgniter\CodeIgniter->run()
10 SYSTEMPATH\Commands\Server\rewrite.php(46): require_once('FCPATH\\index.php')
CRITICAL - 2022-12-01 03:21:14 --> Undefined variable $barang
in APPPATH\Views\admin\Barang.php on line 45.
 1 APPPATH\Views\admin\Barang.php(45): CodeIgniter\Debug\Exceptions->errorHandler(2, 'Undefined variable $barang', 'APPPATH\\Views\\admin\\Barang.php', 45)
 2 SYSTEMPATH\View\View.php(213): include('APPPATH\\Views\\admin\\Barang.php')
 3 SYSTEMPATH\View\View.php(216): CodeIgniter\View\View->CodeIgniter\View\{closure}()
 4 SYSTEMPATH\Common.php(1134): CodeIgniter\View\View->render('admin/Barang', [], true)
 5 APPPATH\Controllers\Admin.php(9): view('admin/Barang')
 6 SYSTEMPATH\CodeIgniter.php(927): App\Controllers\Admin->barang()
 7 SYSTEMPATH\CodeIgniter.php(482): CodeIgniter\CodeIgniter->runController(Object(App\Controllers\Admin))
 8 SYSTEMPATH\CodeIgniter.php(351): CodeIgniter\CodeIgniter->handleRequest(null, Object(Config\Cache), false)
 9 FCPATH\index.php(67): CodeIgniter\CodeIgniter->run()
10 SYSTEMPATH\Commands\Server\rewrite.php(46): require_once('FCPATH\\index.php')
CRITICAL - 2022-12-01 03:22:42 --> Undefined variable $Admin
in APPPATH\Views\admin\Barang.php on line 45.
 1 APPPATH\Views\admin\Barang.php(45): CodeIgniter\Debug\Exceptions->errorHandler(2, 'Undefined variable $Admin', 'APPPATH\\Views\\admin\\Barang.php', 45)
 2 SYSTEMPATH\View\View.php(213): include('APPPATH\\Views\\admin\\Barang.php')
 3 SYSTEMPATH\View\View.php(216): CodeIgniter\View\View->CodeIgniter\View\{closure}()
 4 SYSTEMPATH\Common.php(1134): CodeIgniter\View\View->render('admin/Barang', [], true)
 5 APPPATH\Controllers\Admin.php(9): view('admin/Barang')
 6 SYSTEMPATH\CodeIgniter.php(927): App\Controllers\Admin->barang()
 7 SYSTEMPATH\CodeIgniter.php(482): CodeIgniter\CodeIgniter->runController(Object(App\Controllers\Admin))
 8 SYSTEMPATH\CodeIgniter.php(351): CodeIgniter\CodeIgniter->handleRequest(null, Object(Config\Cache), false)
 9 FCPATH\index.php(67): CodeIgniter\CodeIgniter->run()
10 SYSTEMPATH\Commands\Server\rewrite.php(46): require_once('FCPATH\\index.php')
CRITICAL - 2022-12-01 03:22:53 --> Undefined variable $Barang
in APPPATH\Views\admin\Barang.php on line 45.
 1 APPPATH\Views\admin\Barang.php(45): CodeIgniter\Debug\Exceptions->errorHandler(2, 'Undefined variable $Barang', 'APPPATH\\Views\\admin\\Barang.php', 45)
 2 SYSTEMPATH\View\View.php(213): include('APPPATH\\Views\\admin\\Barang.php')
 3 SYSTEMPATH\View\View.php(216): CodeIgniter\View\View->CodeIgniter\View\{closure}()
 4 SYSTEMPATH\Common.php(1134): CodeIgniter\View\View->render('admin/Barang', [], true)
 5 APPPATH\Controllers\Admin.php(9): view('admin/Barang')
 6 SYSTEMPATH\CodeIgniter.php(927): App\Controllers\Admin->barang()
 7 SYSTEMPATH\CodeIgniter.php(482): CodeIgniter\CodeIgniter->runController(Object(App\Controllers\Admin))
 8 SYSTEMPATH\CodeIgniter.php(351): CodeIgniter\CodeIgniter->handleRequest(null, Object(Config\Cache), false)
 9 FCPATH\index.php(67): CodeIgniter\CodeIgniter->run()
10 SYSTEMPATH\Commands\Server\rewrite.php(46): require_once('FCPATH\\index.php')
CRITICAL - 2022-12-01 03:23:16 --> Undefined variable $Barang
in APPPATH\Views\admin\Barang.php on line 45.
 1 APPPATH\Views\admin\Barang.php(45): CodeIgniter\Debug\Exceptions->errorHandler(2, 'Undefined variable $Barang', 'APPPATH\\Views\\admin\\Barang.php', 45)
 2 SYSTEMPATH\View\View.php(213): include('APPPATH\\Views\\admin\\Barang.php')
 3 SYSTEMPATH\View\View.php(216): CodeIgniter\View\View->CodeIgniter\View\{closure}()
 4 SYSTEMPATH\Common.php(1134): CodeIgniter\View\View->render('admin/Barang', [], true)
 5 APPPATH\Controllers\Admin.php(9): view('admin/Barang')
 6 SYSTEMPATH\CodeIgniter.php(927): App\Controllers\Admin->barang()
 7 SYSTEMPATH\CodeIgniter.php(482): CodeIgniter\CodeIgniter->runController(Object(App\Controllers\Admin))
 8 SYSTEMPATH\CodeIgniter.php(351): CodeIgniter\CodeIgniter->handleRequest(null, Object(Config\Cache), false)
 9 FCPATH\index.php(67): CodeIgniter\CodeIgniter->run()
10 SYSTEMPATH\Commands\Server\rewrite.php(46): require_once('FCPATH\\index.php')
CRITICAL - 2022-12-01 03:25:46 --> Undefined variable $Barang
in APPPATH\Views\admin\Barang.php on line 45.
 1 APPPATH\Views\admin\Barang.php(45): CodeIgniter\Debug\Exceptions->errorHandler(2, 'Undefined variable $Barang', 'APPPATH\\Views\\admin\\Barang.php', 45)
 2 SYSTEMPATH\View\View.php(213): include('APPPATH\\Views\\admin\\Barang.php')
 3 SYSTEMPATH\View\View.php(216): CodeIgniter\View\View->CodeIgniter\View\{closure}()
 4 SYSTEMPATH\Common.php(1134): CodeIgniter\View\View->render('admin/Barang', [], true)
 5 APPPATH\Controllers\Admin.php(9): view('admin/Barang')
 6 SYSTEMPATH\CodeIgniter.php(927): App\Controllers\Admin->barang()
 7 SYSTEMPATH\CodeIgniter.php(482): CodeIgniter\CodeIgniter->runController(Object(App\Controllers\Admin))
 8 SYSTEMPATH\CodeIgniter.php(351): CodeIgniter\CodeIgniter->handleRequest(null, Object(Config\Cache), false)
 9 FCPATH\index.php(67): CodeIgniter\CodeIgniter->run()
10 SYSTEMPATH\Commands\Server\rewrite.php(46): require_once('FCPATH\\index.php')
CRITICAL - 2022-12-01 03:26:20 --> Undefined variable $Barang
in APPPATH\Views\admin\Barang.php on line 45.
 1 APPPATH\Views\admin\Barang.php(45): CodeIgniter\Debug\Exceptions->errorHandler(2, 'Undefined variable $Barang', 'APPPATH\\Views\\admin\\Barang.php', 45)
 2 SYSTEMPATH\View\View.php(213): include('APPPATH\\Views\\admin\\Barang.php')
 3 SYSTEMPATH\View\View.php(216): CodeIgniter\View\View->CodeIgniter\View\{closure}()
 4 SYSTEMPATH\Common.php(1134): CodeIgniter\View\View->render('admin/Barang', [], true)
 5 APPPATH\Controllers\Admin.php(9): view('admin/Barang')
 6 SYSTEMPATH\CodeIgniter.php(927): App\Controllers\Admin->barang()
 7 SYSTEMPATH\CodeIgniter.php(482): CodeIgniter\CodeIgniter->runController(Object(App\Controllers\Admin))
 8 SYSTEMPATH\CodeIgniter.php(351): CodeIgniter\CodeIgniter->handleRequest(null, Object(Config\Cache), false)
 9 FCPATH\index.php(67): CodeIgniter\CodeIgniter->run()
10 SYSTEMPATH\Commands\Server\rewrite.php(46): require_once('FCPATH\\index.php')
CRITICAL - 2022-12-01 03:32:23 --> Undefined variable $Home
in APPPATH\Views\admin\Barang.php on line 45.
 1 APPPATH\Views\admin\Barang.php(45): CodeIgniter\Debug\Exceptions->errorHandler(2, 'Undefined variable $Home', 'APPPATH\\Views\\admin\\Barang.php', 45)
 2 SYSTEMPATH\View\View.php(213): include('APPPATH\\Views\\admin\\Barang.php')
 3 SYSTEMPATH\View\View.php(216): CodeIgniter\View\View->CodeIgniter\View\{closure}()
 4 SYSTEMPATH\Common.php(1134): CodeIgniter\View\View->render('admin/Barang', [], true)
 5 APPPATH\Controllers\Admin.php(9): view('admin/Barang')
 6 SYSTEMPATH\CodeIgniter.php(927): App\Controllers\Admin->barang()
 7 SYSTEMPATH\CodeIgniter.php(482): CodeIgniter\CodeIgniter->runController(Object(App\Controllers\Admin))
 8 SYSTEMPATH\CodeIgniter.php(351): CodeIgniter\CodeIgniter->handleRequest(null, Object(Config\Cache), false)
 9 FCPATH\index.php(67): CodeIgniter\CodeIgniter->run()
10 SYSTEMPATH\Commands\Server\rewrite.php(46): require_once('FCPATH\\index.php')
CRITICAL - 2022-12-01 03:32:29 --> Undefined variable $Barang
in APPPATH\Views\admin\Barang.php on line 45.
 1 APPPATH\Views\admin\Barang.php(45): CodeIgniter\Debug\Exceptions->errorHandler(2, 'Undefined variable $Barang', 'APPPATH\\Views\\admin\\Barang.php', 45)
 2 SYSTEMPATH\View\View.php(213): include('APPPATH\\Views\\admin\\Barang.php')
 3 SYSTEMPATH\View\View.php(216): CodeIgniter\View\View->CodeIgniter\View\{closure}()
 4 SYSTEMPATH\Common.php(1134): CodeIgniter\View\View->render('admin/Barang', [], true)
 5 APPPATH\Controllers\Admin.php(9): view('admin/Barang')
 6 SYSTEMPATH\CodeIgniter.php(927): App\Controllers\Admin->barang()
 7 SYSTEMPATH\CodeIgniter.php(482): CodeIgniter\CodeIgniter->runController(Object(App\Controllers\Admin))
 8 SYSTEMPATH\CodeIgniter.php(351): CodeIgniter\CodeIgniter->handleRequest(null, Object(Config\Cache), false)
 9 FCPATH\index.php(67): CodeIgniter\CodeIgniter->run()
10 SYSTEMPATH\Commands\Server\rewrite.php(46): require_once('FCPATH\\index.php')
CRITICAL - 2022-12-01 03:32:54 --> Invalid file: admin/Barang.php
in SYSTEMPATH\Exceptions\FrameworkException.php on line 33.
 1 SYSTEMPATH\View\View.php(201): CodeIgniter\Exceptions\FrameworkException::forInvalidFile('admin/Barang.php')
 2 SYSTEMPATH\Common.php(1134): CodeIgniter\View\View->render('admin/Barang', [], true)
 3 APPPATH\Controllers\Admin.php(9): view('admin/Barang')
 4 SYSTEMPATH\CodeIgniter.php(927): App\Controllers\Admin->barang()
 5 SYSTEMPATH\CodeIgniter.php(482): CodeIgniter\CodeIgniter->runController(Object(App\Controllers\Admin))
 6 SYSTEMPATH\CodeIgniter.php(351): CodeIgniter\CodeIgniter->handleRequest(null, Object(Config\Cache), false)
 7 FCPATH\index.php(67): CodeIgniter\CodeIgniter->run()
 8 SYSTEMPATH\Commands\Server\rewrite.php(46): require_once('FCPATH\\index.php')
CRITICAL - 2022-12-01 03:35:47 --> Invalid file: edit.php
in SYSTEMPATH\Exceptions\FrameworkException.php on line 33.
 1 SYSTEMPATH\View\View.php(201): CodeIgniter\Exceptions\FrameworkException::forInvalidFile('edit.php')
 2 SYSTEMPATH\Common.php(1134): CodeIgniter\View\View->render('edit', [], true)
 3 APPPATH\Controllers\Barang.php(42): view('edit', [...])
 4 SYSTEMPATH\CodeIgniter.php(927): App\Controllers\Barang->edit('4')
 5 SYSTEMPATH\CodeIgniter.php(482): CodeIgniter\CodeIgniter->runController(Object(App\Controllers\Barang))
 6 SYSTEMPATH\CodeIgniter.php(351): CodeIgniter\CodeIgniter->handleRequest(null, Object(Config\Cache), false)
 7 FCPATH\index.php(67): CodeIgniter\CodeIgniter->run()
 8 SYSTEMPATH\Commands\Server\rewrite.php(46): require_once('FCPATH\\index.php')
CRITICAL - 2022-12-01 06:13:40 --> Trying to access array offset on value of type null
in APPPATH\Views\Edit.php on line 35.
 1 APPPATH\Views\Edit.php(35): CodeIgniter\Debug\Exceptions->errorHandler(2, 'Trying to access array offset on value of type null', 'APPPATH\\Views\\Edit.php', 35)
 2 SYSTEMPATH\View\View.php(213): include('APPPATH\\Views\\Edit.php')
 3 SYSTEMPATH\View\View.php(216): CodeIgniter\View\View->CodeIgniter\View\{closure}()
 4 SYSTEMPATH\Common.php(1134): CodeIgniter\View\View->render('edit', [], true)
 5 APPPATH\Controllers\Barang.php(42): view('edit', [...])
 6 SYSTEMPATH\CodeIgniter.php(927): App\Controllers\Barang->edit('20')
 7 SYSTEMPATH\CodeIgniter.php(482): CodeIgniter\CodeIgniter->runController(Object(App\Controllers\Barang))
 8 SYSTEMPATH\CodeIgniter.php(351): CodeIgniter\CodeIgniter->handleRequest(null, Object(Config\Cache), false)
 9 FCPATH\index.php(67): CodeIgniter\CodeIgniter->run()
10 SYSTEMPATH\Commands\Server\rewrite.php(46): require_once('FCPATH\\index.php')
CRITICAL - 2022-12-01 06:32:29 --> Trying to access array offset on value of type null
in APPPATH\Views\Edit.php on line 35.
 1 APPPATH\Views\Edit.php(35): CodeIgniter\Debug\Exceptions->errorHandler(2, 'Trying to access array offset on value of type null', 'APPPATH\\Views\\Edit.php', 35)
 2 SYSTEMPATH\View\View.php(213): include('APPPATH\\Views\\Edit.php')
 3 SYSTEMPATH\View\View.php(216): CodeIgniter\View\View->CodeIgniter\View\{closure}()
 4 SYSTEMPATH\Common.php(1134): CodeIgniter\View\View->render('edit', [], true)
 5 APPPATH\Controllers\Barang.php(42): view('edit', [...])
 6 SYSTEMPATH\CodeIgniter.php(927): App\Controllers\Barang->edit('21')
 7 SYSTEMPATH\CodeIgniter.php(482): CodeIgniter\CodeIgniter->runController(Object(App\Controllers\Barang))
 8 SYSTEMPATH\CodeIgniter.php(351): CodeIgniter\CodeIgniter->handleRequest(null, Object(Config\Cache), false)
 9 FCPATH\index.php(67): CodeIgniter\CodeIgniter->run()
10 SYSTEMPATH\Commands\Server\rewrite.php(46): require_once('FCPATH\\index.php')
ERROR - 2022-12-01 07:42:02 --> mysqli_sql_exception: Column 'nama_brg' cannot be null in C:\xampp\htdocs\proyek-web-charmer\ci-4\system\Database\MySQLi\Connection.php:292
Stack trace:
#0 C:\xampp\htdocs\proyek-web-charmer\ci-4\system\Database\MySQLi\Connection.php(292): mysqli->query('INSERT INTO `ba...', 0)
#1 C:\xampp\htdocs\proyek-web-charmer\ci-4\system\Database\BaseConnection.php(666): CodeIgniter\Database\MySQLi\Connection->execute('INSERT INTO `ba...')
#2 C:\xampp\htdocs\proyek-web-charmer\ci-4\system\Database\BaseConnection.php(593): CodeIgniter\Database\BaseConnection->simpleQuery('INSERT INTO `ba...')
#3 C:\xampp\htdocs\proyek-web-charmer\ci-4\system\Database\BaseBuilder.php(1916): CodeIgniter\Database\BaseConnection->query('INSERT INTO `ba...', Array, false)
#4 C:\xampp\htdocs\proyek-web-charmer\ci-4\system\Model.php(279): CodeIgniter\Database\BaseBuilder->insert()
#5 C:\xampp\htdocs\proyek-web-charmer\ci-4\system\BaseModel.php(749): CodeIgniter\Model->doInsert(Array)
#6 C:\xampp\htdocs\proyek-web-charmer\ci-4\system\Model.php(667): CodeIgniter\BaseModel->insert(Array, true)
#7 C:\xampp\htdocs\proyek-web-charmer\ci-4\app\Models\Barang.php(25): CodeIgniter\Model->insert(Array)
#8 C:\xampp\htdocs\proyek-web-charmer\ci-4\app\Controllers\Barang.php(33): App\Models\Barang->saveBarang(Array)
#9 C:\xampp\htdocs\proyek-web-charmer\ci-4\system\CodeIgniter.php(927): App\Controllers\Barang->save()
#10 C:\xampp\htdocs\proyek-web-charmer\ci-4\system\CodeIgniter.php(482): CodeIgniter\CodeIgniter->runController(Object(App\Controllers\Barang))
#11 C:\xampp\htdocs\proyek-web-charmer\ci-4\system\CodeIgniter.php(351): CodeIgniter\CodeIgniter->handleRequest(NULL, Object(Config\Cache), false)
#12 C:\xampp\htdocs\proyek-web-charmer\ci-4\public\index.php(67): CodeIgniter\CodeIgniter->run()
#13 C:\xampp\htdocs\proyek-web-charmer\ci-4\system\Commands\Server\rewrite.php(46): require_once('C:\\xampp\\htdocs...')
#14 {main}
CRITICAL - 2022-12-01 07:42:02 --> Column 'nama_brg' cannot be null
in SYSTEMPATH\Database\MySQLi\Connection.php on line 292.
 1 SYSTEMPATH\Database\MySQLi\Connection.php(292): mysqli->query('INSERT INTO `barang` (`nama_brg`, `nama_artis`, `harga_brg`, `stok_brg`, `img_brg`, `id_kategori`) VALUES (NULL, NULL, NULL, NULL, NULL, NULL)', 0)
 2 SYSTEMPATH\Database\BaseConnection.php(666): CodeIgniter\Database\MySQLi\Connection->execute('INSERT INTO `barang` (`nama_brg`, `nama_artis`, `harga_brg`, `stok_brg`, `img_brg`, `id_kategori`) VALUES (NULL, NULL, NULL, NULL, NULL, NULL)')
 3 SYSTEMPATH\Database\BaseConnection.php(593): CodeIgniter\Database\BaseConnection->simpleQuery('INSERT INTO `barang` (`nama_brg`, `nama_artis`, `harga_brg`, `stok_brg`, `img_brg`, `id_kategori`) VALUES (NULL, NULL, NULL, NULL, NULL, NULL)')
 4 SYSTEMPATH\Database\BaseBuilder.php(1916): CodeIgniter\Database\BaseConnection->query('INSERT INTO `barang` (`nama_brg`, `nama_artis`, `harga_brg`, `stok_brg`, `img_brg`, `id_kategori`) VALUES (:nama_brg:, :nama_artis:, :harga_brg:, :stok_brg:, :img_brg:, :id_kategori:)', [...], false)
 5 SYSTEMPATH\Model.php(279): CodeIgniter\Database\BaseBuilder->insert()
 6 SYSTEMPATH\BaseModel.php(749): CodeIgniter\Model->doInsert([...])
 7 SYSTEMPATH\Model.php(667): CodeIgniter\BaseModel->insert([...], true)
 8 APPPATH\Models\Barang.php(25): CodeIgniter\Model->insert([...])
 9 APPPATH\Controllers\Barang.php(33): App\Models\Barang->saveBarang([...])
10 SYSTEMPATH\CodeIgniter.php(927): App\Controllers\Barang->save()
11 SYSTEMPATH\CodeIgniter.php(482): CodeIgniter\CodeIgniter->runController(Object(App\Controllers\Barang))
12 SYSTEMPATH\CodeIgniter.php(351): CodeIgniter\CodeIgniter->handleRequest(null, Object(Config\Cache), false)
13 FCPATH\index.php(67): CodeIgniter\CodeIgniter->run()
14 SYSTEMPATH\Commands\Server\rewrite.php(46): require_once('FCPATH\\index.php')
ERROR - 2022-12-01 07:42:38 --> mysqli_sql_exception: Column 'nama_brg' cannot be null in C:\xampp\htdocs\proyek-web-charmer\ci-4\system\Database\MySQLi\Connection.php:292
Stack trace:
#0 C:\xampp\htdocs\proyek-web-charmer\ci-4\system\Database\MySQLi\Connection.php(292): mysqli->query('INSERT INTO `ba...', 0)
#1 C:\xampp\htdocs\proyek-web-charmer\ci-4\system\Database\BaseConnection.php(666): CodeIgniter\Database\MySQLi\Connection->execute('INSERT INTO `ba...')
#2 C:\xampp\htdocs\proyek-web-charmer\ci-4\system\Database\BaseConnection.php(593): CodeIgniter\Database\BaseConnection->simpleQuery('INSERT INTO `ba...')
#3 C:\xampp\htdocs\proyek-web-charmer\ci-4\system\Database\BaseBuilder.php(1916): CodeIgniter\Database\BaseConnection->query('INSERT INTO `ba...', Array, false)
#4 C:\xampp\htdocs\proyek-web-charmer\ci-4\system\Model.php(279): CodeIgniter\Database\BaseBuilder->insert()
#5 C:\xampp\htdocs\proyek-web-charmer\ci-4\system\BaseModel.php(749): CodeIgniter\Model->doInsert(Array)
#6 C:\xampp\htdocs\proyek-web-charmer\ci-4\system\Model.php(667): CodeIgniter\BaseModel->insert(Array, true)
#7 C:\xampp\htdocs\proyek-web-charmer\ci-4\app\Models\Barang.php(25): CodeIgniter\Model->insert(Array)
#8 C:\xampp\htdocs\proyek-web-charmer\ci-4\app\Controllers\Barang.php(33): App\Models\Barang->saveBarang(Array)
#9 C:\xampp\htdocs\proyek-web-charmer\ci-4\system\CodeIgniter.php(927): App\Controllers\Barang->save()
#10 C:\xampp\htdocs\proyek-web-charmer\ci-4\system\CodeIgniter.php(482): CodeIgniter\CodeIgniter->runController(Object(App\Controllers\Barang))
#11 C:\xampp\htdocs\proyek-web-charmer\ci-4\system\CodeIgniter.php(351): CodeIgniter\CodeIgniter->handleRequest(NULL, Object(Config\Cache), false)
#12 C:\xampp\htdocs\proyek-web-charmer\ci-4\public\index.php(67): CodeIgniter\CodeIgniter->run()
#13 C:\xampp\htdocs\proyek-web-charmer\ci-4\system\Commands\Server\rewrite.php(46): require_once('C:\\xampp\\htdocs...')
#14 {main}
CRITICAL - 2022-12-01 07:42:38 --> Column 'nama_brg' cannot be null
in SYSTEMPATH\Database\MySQLi\Connection.php on line 292.
 1 SYSTEMPATH\Database\MySQLi\Connection.php(292): mysqli->query('INSERT INTO `barang` (`nama_brg`, `nama_artis`, `harga_brg`, `stok_brg`, `img_brg`, `id_kategori`) VALUES (NULL, NULL, NULL, NULL, NULL, NULL)', 0)
 2 SYSTEMPATH\Database\BaseConnection.php(666): CodeIgniter\Database\MySQLi\Connection->execute('INSERT INTO `barang` (`nama_brg`, `nama_artis`, `harga_brg`, `stok_brg`, `img_brg`, `id_kategori`) VALUES (NULL, NULL, NULL, NULL, NULL, NULL)')
 3 SYSTEMPATH\Database\BaseConnection.php(593): CodeIgniter\Database\BaseConnection->simpleQuery('INSERT INTO `barang` (`nama_brg`, `nama_artis`, `harga_brg`, `stok_brg`, `img_brg`, `id_kategori`) VALUES (NULL, NULL, NULL, NULL, NULL, NULL)')
 4 SYSTEMPATH\Database\BaseBuilder.php(1916): CodeIgniter\Database\BaseConnection->query('INSERT INTO `barang` (`nama_brg`, `nama_artis`, `harga_brg`, `stok_brg`, `img_brg`, `id_kategori`) VALUES (:nama_brg:, :nama_artis:, :harga_brg:, :stok_brg:, :img_brg:, :id_kategori:)', [...], false)
 5 SYSTEMPATH\Model.php(279): CodeIgniter\Database\BaseBuilder->insert()
 6 SYSTEMPATH\BaseModel.php(749): CodeIgniter\Model->doInsert([...])
 7 SYSTEMPATH\Model.php(667): CodeIgniter\BaseModel->insert([...], true)
 8 APPPATH\Models\Barang.php(25): CodeIgniter\Model->insert([...])
 9 APPPATH\Controllers\Barang.php(33): App\Models\Barang->saveBarang([...])
10 SYSTEMPATH\CodeIgniter.php(927): App\Controllers\Barang->save()
11 SYSTEMPATH\CodeIgniter.php(482): CodeIgniter\CodeIgniter->runController(Object(App\Controllers\Barang))
12 SYSTEMPATH\CodeIgniter.php(351): CodeIgniter\CodeIgniter->handleRequest(null, Object(Config\Cache), false)
13 FCPATH\index.php(67): CodeIgniter\CodeIgniter->run()
14 SYSTEMPATH\Commands\Server\rewrite.php(46): require_once('FCPATH\\index.php')
ERROR - 2022-12-01 07:44:40 --> mysqli_sql_exception: Column 'nama_brg' cannot be null in C:\xampp\htdocs\proyek-web-charmer\ci-4\system\Database\MySQLi\Connection.php:292
Stack trace:
#0 C:\xampp\htdocs\proyek-web-charmer\ci-4\system\Database\MySQLi\Connection.php(292): mysqli->query('INSERT INTO `ba...', 0)
#1 C:\xampp\htdocs\proyek-web-charmer\ci-4\system\Database\BaseConnection.php(666): CodeIgniter\Database\MySQLi\Connection->execute('INSERT INTO `ba...')
#2 C:\xampp\htdocs\proyek-web-charmer\ci-4\system\Database\BaseConnection.php(593): CodeIgniter\Database\BaseConnection->simpleQuery('INSERT INTO `ba...')
#3 C:\xampp\htdocs\proyek-web-charmer\ci-4\system\Database\BaseBuilder.php(1916): CodeIgniter\Database\BaseConnection->query('INSERT INTO `ba...', Array, false)
#4 C:\xampp\htdocs\proyek-web-charmer\ci-4\system\Model.php(279): CodeIgniter\Database\BaseBuilder->insert()
#5 C:\xampp\htdocs\proyek-web-charmer\ci-4\system\BaseModel.php(749): CodeIgniter\Model->doInsert(Array)
#6 C:\xampp\htdocs\proyek-web-charmer\ci-4\system\Model.php(667): CodeIgniter\BaseModel->insert(Array, true)
#7 C:\xampp\htdocs\proyek-web-charmer\ci-4\app\Models\Barang.php(25): CodeIgniter\Model->insert(Array)
#8 C:\xampp\htdocs\proyek-web-charmer\ci-4\app\Controllers\Barang.php(33): App\Models\Barang->saveBarang(Array)
#9 C:\xampp\htdocs\proyek-web-charmer\ci-4\system\CodeIgniter.php(927): App\Controllers\Barang->save()
#10 C:\xampp\htdocs\proyek-web-charmer\ci-4\system\CodeIgniter.php(482): CodeIgniter\CodeIgniter->runController(Object(App\Controllers\Barang))
#11 C:\xampp\htdocs\proyek-web-charmer\ci-4\system\CodeIgniter.php(351): CodeIgniter\CodeIgniter->handleRequest(NULL, Object(Config\Cache), false)
#12 C:\xampp\htdocs\proyek-web-charmer\ci-4\public\index.php(67): CodeIgniter\CodeIgniter->run()
#13 C:\xampp\htdocs\proyek-web-charmer\ci-4\system\Commands\Server\rewrite.php(46): require_once('C:\\xampp\\htdocs...')
#14 {main}
CRITICAL - 2022-12-01 07:44:40 --> Column 'nama_brg' cannot be null
in SYSTEMPATH\Database\MySQLi\Connection.php on line 292.
 1 SYSTEMPATH\Database\MySQLi\Connection.php(292): mysqli->query('INSERT INTO `barang` (`nama_brg`, `nama_artis`, `harga_brg`, `stok_brg`, `img_brg`, `id_kategori`) VALUES (NULL, NULL, NULL, NULL, NULL, NULL)', 0)
 2 SYSTEMPATH\Database\BaseConnection.php(666): CodeIgniter\Database\MySQLi\Connection->execute('INSERT INTO `barang` (`nama_brg`, `nama_artis`, `harga_brg`, `stok_brg`, `img_brg`, `id_kategori`) VALUES (NULL, NULL, NULL, NULL, NULL, NULL)')
 3 SYSTEMPATH\Database\BaseConnection.php(593): CodeIgniter\Database\BaseConnection->simpleQuery('INSERT INTO `barang` (`nama_brg`, `nama_artis`, `harga_brg`, `stok_brg`, `img_brg`, `id_kategori`) VALUES (NULL, NULL, NULL, NULL, NULL, NULL)')
 4 SYSTEMPATH\Database\BaseBuilder.php(1916): CodeIgniter\Database\BaseConnection->query('INSERT INTO `barang` (`nama_brg`, `nama_artis`, `harga_brg`, `stok_brg`, `img_brg`, `id_kategori`) VALUES (:nama_brg:, :nama_artis:, :harga_brg:, :stok_brg:, :img_brg:, :id_kategori:)', [...], false)
 5 SYSTEMPATH\Model.php(279): CodeIgniter\Database\BaseBuilder->insert()
 6 SYSTEMPATH\BaseModel.php(749): CodeIgniter\Model->doInsert([...])
 7 SYSTEMPATH\Model.php(667): CodeIgniter\BaseModel->insert([...], true)
 8 APPPATH\Models\Barang.php(25): CodeIgniter\Model->insert([...])
 9 APPPATH\Controllers\Barang.php(33): App\Models\Barang->saveBarang([...])
10 SYSTEMPATH\CodeIgniter.php(927): App\Controllers\Barang->save()
11 SYSTEMPATH\CodeIgniter.php(482): CodeIgniter\CodeIgniter->runController(Object(App\Controllers\Barang))
12 SYSTEMPATH\CodeIgniter.php(351): CodeIgniter\CodeIgniter->handleRequest(null, Object(Config\Cache), false)
13 FCPATH\index.php(67): CodeIgniter\CodeIgniter->run()
14 SYSTEMPATH\Commands\Server\rewrite.php(46): require_once('FCPATH\\index.php')
ERROR - 2022-12-01 07:47:28 --> mysqli_sql_exception: Column 'nama_brg' cannot be null in C:\xampp\htdocs\proyek-web-charmer\ci-4\system\Database\MySQLi\Connection.php:292
Stack trace:
#0 C:\xampp\htdocs\proyek-web-charmer\ci-4\system\Database\MySQLi\Connection.php(292): mysqli->query('INSERT INTO `ba...', 0)
#1 C:\xampp\htdocs\proyek-web-charmer\ci-4\system\Database\BaseConnection.php(666): CodeIgniter\Database\MySQLi\Connection->execute('INSERT INTO `ba...')
#2 C:\xampp\htdocs\proyek-web-charmer\ci-4\system\Database\BaseConnection.php(593): CodeIgniter\Database\BaseConnection->simpleQuery('INSERT INTO `ba...')
#3 C:\xampp\htdocs\proyek-web-charmer\ci-4\system\Database\BaseBuilder.php(1916): CodeIgniter\Database\BaseConnection->query('INSERT INTO `ba...', Array, false)
#4 C:\xampp\htdocs\proyek-web-charmer\ci-4\system\Model.php(279): CodeIgniter\Database\BaseBuilder->insert()
#5 C:\xampp\htdocs\proyek-web-charmer\ci-4\system\BaseModel.php(749): CodeIgniter\Model->doInsert(Array)
#6 C:\xampp\htdocs\proyek-web-charmer\ci-4\system\Model.php(667): CodeIgniter\BaseModel->insert(Array, true)
#7 C:\xampp\htdocs\proyek-web-charmer\ci-4\app\Models\Barang.php(25): CodeIgniter\Model->insert(Array)
#8 C:\xampp\htdocs\proyek-web-charmer\ci-4\app\Controllers\Barang.php(33): App\Models\Barang->saveBarang(Array)
#9 C:\xampp\htdocs\proyek-web-charmer\ci-4\system\CodeIgniter.php(927): App\Controllers\Barang->save()
#10 C:\xampp\htdocs\proyek-web-charmer\ci-4\system\CodeIgniter.php(482): CodeIgniter\CodeIgniter->runController(Object(App\Controllers\Barang))
#11 C:\xampp\htdocs\proyek-web-charmer\ci-4\system\CodeIgniter.php(351): CodeIgniter\CodeIgniter->handleRequest(NULL, Object(Config\Cache), false)
#12 C:\xampp\htdocs\proyek-web-charmer\ci-4\public\index.php(67): CodeIgniter\CodeIgniter->run()
#13 C:\xampp\htdocs\proyek-web-charmer\ci-4\system\Commands\Server\rewrite.php(46): require_once('C:\\xampp\\htdocs...')
#14 {main}
CRITICAL - 2022-12-01 07:47:28 --> Column 'nama_brg' cannot be null
in SYSTEMPATH\Database\MySQLi\Connection.php on line 292.
 1 SYSTEMPATH\Database\MySQLi\Connection.php(292): mysqli->query('INSERT INTO `barang` (`nama_brg`, `nama_artis`, `harga_brg`, `stok_brg`, `img_brg`, `id_kategori`) VALUES (NULL, NULL, NULL, NULL, NULL, NULL)', 0)
 2 SYSTEMPATH\Database\BaseConnection.php(666): CodeIgniter\Database\MySQLi\Connection->execute('INSERT INTO `barang` (`nama_brg`, `nama_artis`, `harga_brg`, `stok_brg`, `img_brg`, `id_kategori`) VALUES (NULL, NULL, NULL, NULL, NULL, NULL)')
 3 SYSTEMPATH\Database\BaseConnection.php(593): CodeIgniter\Database\BaseConnection->simpleQuery('INSERT INTO `barang` (`nama_brg`, `nama_artis`, `harga_brg`, `stok_brg`, `img_brg`, `id_kategori`) VALUES (NULL, NULL, NULL, NULL, NULL, NULL)')
 4 SYSTEMPATH\Database\BaseBuilder.php(1916): CodeIgniter\Database\BaseConnection->query('INSERT INTO `barang` (`nama_brg`, `nama_artis`, `harga_brg`, `stok_brg`, `img_brg`, `id_kategori`) VALUES (:nama_brg:, :nama_artis:, :harga_brg:, :stok_brg:, :img_brg:, :id_kategori:)', [...], false)
 5 SYSTEMPATH\Model.php(279): CodeIgniter\Database\BaseBuilder->insert()
 6 SYSTEMPATH\BaseModel.php(749): CodeIgniter\Model->doInsert([...])
 7 SYSTEMPATH\Model.php(667): CodeIgniter\BaseModel->insert([...], true)
 8 APPPATH\Models\Barang.php(25): CodeIgniter\Model->insert([...])
 9 APPPATH\Controllers\Barang.php(33): App\Models\Barang->saveBarang([...])
10 SYSTEMPATH\CodeIgniter.php(927): App\Controllers\Barang->save()
11 SYSTEMPATH\CodeIgniter.php(482): CodeIgniter\CodeIgniter->runController(Object(App\Controllers\Barang))
12 SYSTEMPATH\CodeIgniter.php(351): CodeIgniter\CodeIgniter->handleRequest(null, Object(Config\Cache), false)
13 FCPATH\index.php(67): CodeIgniter\CodeIgniter->run()
14 SYSTEMPATH\Commands\Server\rewrite.php(46): require_once('FCPATH\\index.php')
ERROR - 2022-12-01 07:49:17 --> mysqli_sql_exception: Column 'nama_brg' cannot be null in C:\xampp\htdocs\proyek-web-charmer\ci-4\system\Database\MySQLi\Connection.php:292
Stack trace:
#0 C:\xampp\htdocs\proyek-web-charmer\ci-4\system\Database\MySQLi\Connection.php(292): mysqli->query('INSERT INTO `ba...', 0)
#1 C:\xampp\htdocs\proyek-web-charmer\ci-4\system\Database\BaseConnection.php(666): CodeIgniter\Database\MySQLi\Connection->execute('INSERT INTO `ba...')
#2 C:\xampp\htdocs\proyek-web-charmer\ci-4\system\Database\BaseConnection.php(593): CodeIgniter\Database\BaseConnection->simpleQuery('INSERT INTO `ba...')
#3 C:\xampp\htdocs\proyek-web-charmer\ci-4\system\Database\BaseBuilder.php(1916): CodeIgniter\Database\BaseConnection->query('INSERT INTO `ba...', Array, false)
#4 C:\xampp\htdocs\proyek-web-charmer\ci-4\system\Model.php(279): CodeIgniter\Database\BaseBuilder->insert()
#5 C:\xampp\htdocs\proyek-web-charmer\ci-4\system\BaseModel.php(749): CodeIgniter\Model->doInsert(Array)
#6 C:\xampp\htdocs\proyek-web-charmer\ci-4\system\Model.php(667): CodeIgniter\BaseModel->insert(Array, true)
#7 C:\xampp\htdocs\proyek-web-charmer\ci-4\app\Models\Barang.php(25): CodeIgniter\Model->insert(Array)
#8 C:\xampp\htdocs\proyek-web-charmer\ci-4\app\Controllers\Barang.php(33): App\Models\Barang->saveBarang(Array)
#9 C:\xampp\htdocs\proyek-web-charmer\ci-4\system\CodeIgniter.php(927): App\Controllers\Barang->save()
#10 C:\xampp\htdocs\proyek-web-charmer\ci-4\system\CodeIgniter.php(482): CodeIgniter\CodeIgniter->runController(Object(App\Controllers\Barang))
#11 C:\xampp\htdocs\proyek-web-charmer\ci-4\system\CodeIgniter.php(351): CodeIgniter\CodeIgniter->handleRequest(NULL, Object(Config\Cache), false)
#12 C:\xampp\htdocs\proyek-web-charmer\ci-4\public\index.php(67): CodeIgniter\CodeIgniter->run()
#13 C:\xampp\htdocs\proyek-web-charmer\ci-4\system\Commands\Server\rewrite.php(46): require_once('C:\\xampp\\htdocs...')
#14 {main}
CRITICAL - 2022-12-01 07:49:17 --> Column 'nama_brg' cannot be null
in SYSTEMPATH\Database\MySQLi\Connection.php on line 292.
 1 SYSTEMPATH\Database\MySQLi\Connection.php(292): mysqli->query('INSERT INTO `barang` (`nama_brg`, `nama_artis`, `harga_brg`, `stok_brg`, `img_brg`, `id_kategori`) VALUES (NULL, NULL, NULL, NULL, NULL, NULL)', 0)
 2 SYSTEMPATH\Database\BaseConnection.php(666): CodeIgniter\Database\MySQLi\Connection->execute('INSERT INTO `barang` (`nama_brg`, `nama_artis`, `harga_brg`, `stok_brg`, `img_brg`, `id_kategori`) VALUES (NULL, NULL, NULL, NULL, NULL, NULL)')
 3 SYSTEMPATH\Database\BaseConnection.php(593): CodeIgniter\Database\BaseConnection->simpleQuery('INSERT INTO `barang` (`nama_brg`, `nama_artis`, `harga_brg`, `stok_brg`, `img_brg`, `id_kategori`) VALUES (NULL, NULL, NULL, NULL, NULL, NULL)')
 4 SYSTEMPATH\Database\BaseBuilder.php(1916): CodeIgniter\Database\BaseConnection->query('INSERT INTO `barang` (`nama_brg`, `nama_artis`, `harga_brg`, `stok_brg`, `img_brg`, `id_kategori`) VALUES (:nama_brg:, :nama_artis:, :harga_brg:, :stok_brg:, :img_brg:, :id_kategori:)', [...], false)
 5 SYSTEMPATH\Model.php(279): CodeIgniter\Database\BaseBuilder->insert()
 6 SYSTEMPATH\BaseModel.php(749): CodeIgniter\Model->doInsert([...])
 7 SYSTEMPATH\Model.php(667): CodeIgniter\BaseModel->insert([...], true)
 8 APPPATH\Models\Barang.php(25): CodeIgniter\Model->insert([...])
 9 APPPATH\Controllers\Barang.php(33): App\Models\Barang->saveBarang([...])
10 SYSTEMPATH\CodeIgniter.php(927): App\Controllers\Barang->save()
11 SYSTEMPATH\CodeIgniter.php(482): CodeIgniter\CodeIgniter->runController(Object(App\Controllers\Barang))
12 SYSTEMPATH\CodeIgniter.php(351): CodeIgniter\CodeIgniter->handleRequest(null, Object(Config\Cache), false)
13 FCPATH\index.php(67): CodeIgniter\CodeIgniter->run()
14 SYSTEMPATH\Commands\Server\rewrite.php(46): require_once('FCPATH\\index.php')
ERROR - 2022-12-01 07:49:41 --> mysqli_sql_exception: Column 'nama_brg' cannot be null in C:\xampp\htdocs\proyek-web-charmer\ci-4\system\Database\MySQLi\Connection.php:292
Stack trace:
#0 C:\xampp\htdocs\proyek-web-charmer\ci-4\system\Database\MySQLi\Connection.php(292): mysqli->query('INSERT INTO `ba...', 0)
#1 C:\xampp\htdocs\proyek-web-charmer\ci-4\system\Database\BaseConnection.php(666): CodeIgniter\Database\MySQLi\Connection->execute('INSERT INTO `ba...')
#2 C:\xampp\htdocs\proyek-web-charmer\ci-4\system\Database\BaseConnection.php(593): CodeIgniter\Database\BaseConnection->simpleQuery('INSERT INTO `ba...')
#3 C:\xampp\htdocs\proyek-web-charmer\ci-4\system\Database\BaseBuilder.php(1916): CodeIgniter\Database\BaseConnection->query('INSERT INTO `ba...', Array, false)
#4 C:\xampp\htdocs\proyek-web-charmer\ci-4\system\Model.php(279): CodeIgniter\Database\BaseBuilder->insert()
#5 C:\xampp\htdocs\proyek-web-charmer\ci-4\system\BaseModel.php(749): CodeIgniter\Model->doInsert(Array)
#6 C:\xampp\htdocs\proyek-web-charmer\ci-4\system\Model.php(667): CodeIgniter\BaseModel->insert(Array, true)
#7 C:\xampp\htdocs\proyek-web-charmer\ci-4\app\Models\Barang.php(25): CodeIgniter\Model->insert(Array)
#8 C:\xampp\htdocs\proyek-web-charmer\ci-4\app\Controllers\Barang.php(33): App\Models\Barang->saveBarang(Array)
#9 C:\xampp\htdocs\proyek-web-charmer\ci-4\system\CodeIgniter.php(927): App\Controllers\Barang->save()
#10 C:\xampp\htdocs\proyek-web-charmer\ci-4\system\CodeIgniter.php(482): CodeIgniter\CodeIgniter->runController(Object(App\Controllers\Barang))
#11 C:\xampp\htdocs\proyek-web-charmer\ci-4\system\CodeIgniter.php(351): CodeIgniter\CodeIgniter->handleRequest(NULL, Object(Config\Cache), false)
#12 C:\xampp\htdocs\proyek-web-charmer\ci-4\public\index.php(67): CodeIgniter\CodeIgniter->run()
#13 C:\xampp\htdocs\proyek-web-charmer\ci-4\system\Commands\Server\rewrite.php(46): require_once('C:\\xampp\\htdocs...')
#14 {main}
CRITICAL - 2022-12-01 07:49:41 --> Column 'nama_brg' cannot be null
in SYSTEMPATH\Database\MySQLi\Connection.php on line 292.
 1 SYSTEMPATH\Database\MySQLi\Connection.php(292): mysqli->query('INSERT INTO `barang` (`nama_brg`, `nama_artis`, `harga_brg`, `stok_brg`, `img_brg`, `id_kategori`) VALUES (NULL, NULL, NULL, NULL, NULL, NULL)', 0)
 2 SYSTEMPATH\Database\BaseConnection.php(666): CodeIgniter\Database\MySQLi\Connection->execute('INSERT INTO `barang` (`nama_brg`, `nama_artis`, `harga_brg`, `stok_brg`, `img_brg`, `id_kategori`) VALUES (NULL, NULL, NULL, NULL, NULL, NULL)')
 3 SYSTEMPATH\Database\BaseConnection.php(593): CodeIgniter\Database\BaseConnection->simpleQuery('INSERT INTO `barang` (`nama_brg`, `nama_artis`, `harga_brg`, `stok_brg`, `img_brg`, `id_kategori`) VALUES (NULL, NULL, NULL, NULL, NULL, NULL)')
 4 SYSTEMPATH\Database\BaseBuilder.php(1916): CodeIgniter\Database\BaseConnection->query('INSERT INTO `barang` (`nama_brg`, `nama_artis`, `harga_brg`, `stok_brg`, `img_brg`, `id_kategori`) VALUES (:nama_brg:, :nama_artis:, :harga_brg:, :stok_brg:, :img_brg:, :id_kategori:)', [...], false)
 5 SYSTEMPATH\Model.php(279): CodeIgniter\Database\BaseBuilder->insert()
 6 SYSTEMPATH\BaseModel.php(749): CodeIgniter\Model->doInsert([...])
 7 SYSTEMPATH\Model.php(667): CodeIgniter\BaseModel->insert([...], true)
 8 APPPATH\Models\Barang.php(25): CodeIgniter\Model->insert([...])
 9 APPPATH\Controllers\Barang.php(33): App\Models\Barang->saveBarang([...])
10 SYSTEMPATH\CodeIgniter.php(927): App\Controllers\Barang->save()
11 SYSTEMPATH\CodeIgniter.php(482): CodeIgniter\CodeIgniter->runController(Object(App\Controllers\Barang))
12 SYSTEMPATH\CodeIgniter.php(351): CodeIgniter\CodeIgniter->handleRequest(null, Object(Config\Cache), false)
13 FCPATH\index.php(67): CodeIgniter\CodeIgniter->run()
14 SYSTEMPATH\Commands\Server\rewrite.php(46): require_once('FCPATH\\index.php')
ERROR - 2022-12-01 07:50:35 --> mysqli_sql_exception: Column 'nama_brg' cannot be null in C:\xampp\htdocs\proyek-web-charmer\ci-4\system\Database\MySQLi\Connection.php:292
Stack trace:
#0 C:\xampp\htdocs\proyek-web-charmer\ci-4\system\Database\MySQLi\Connection.php(292): mysqli->query('INSERT INTO `ba...', 0)
#1 C:\xampp\htdocs\proyek-web-charmer\ci-4\system\Database\BaseConnection.php(666): CodeIgniter\Database\MySQLi\Connection->execute('INSERT INTO `ba...')
#2 C:\xampp\htdocs\proyek-web-charmer\ci-4\system\Database\BaseConnection.php(593): CodeIgniter\Database\BaseConnection->simpleQuery('INSERT INTO `ba...')
#3 C:\xampp\htdocs\proyek-web-charmer\ci-4\system\Database\BaseBuilder.php(1916): CodeIgniter\Database\BaseConnection->query('INSERT INTO `ba...', Array, false)
#4 C:\xampp\htdocs\proyek-web-charmer\ci-4\system\Model.php(279): CodeIgniter\Database\BaseBuilder->insert()
#5 C:\xampp\htdocs\proyek-web-charmer\ci-4\system\BaseModel.php(749): CodeIgniter\Model->doInsert(Array)
#6 C:\xampp\htdocs\proyek-web-charmer\ci-4\system\Model.php(667): CodeIgniter\BaseModel->insert(Array, true)
#7 C:\xampp\htdocs\proyek-web-charmer\ci-4\app\Models\Barang.php(25): CodeIgniter\Model->insert(Array)
#8 C:\xampp\htdocs\proyek-web-charmer\ci-4\app\Controllers\Barang.php(33): App\Models\Barang->saveBarang(Array)
#9 C:\xampp\htdocs\proyek-web-charmer\ci-4\system\CodeIgniter.php(927): App\Controllers\Barang->save()
#10 C:\xampp\htdocs\proyek-web-charmer\ci-4\system\CodeIgniter.php(482): CodeIgniter\CodeIgniter->runController(Object(App\Controllers\Barang))
#11 C:\xampp\htdocs\proyek-web-charmer\ci-4\system\CodeIgniter.php(351): CodeIgniter\CodeIgniter->handleRequest(NULL, Object(Config\Cache), false)
#12 C:\xampp\htdocs\proyek-web-charmer\ci-4\public\index.php(67): CodeIgniter\CodeIgniter->run()
#13 C:\xampp\htdocs\proyek-web-charmer\ci-4\system\Commands\Server\rewrite.php(46): require_once('C:\\xampp\\htdocs...')
#14 {main}
CRITICAL - 2022-12-01 07:50:35 --> Column 'nama_brg' cannot be null
in SYSTEMPATH\Database\MySQLi\Connection.php on line 292.
 1 SYSTEMPATH\Database\MySQLi\Connection.php(292): mysqli->query('INSERT INTO `barang` (`nama_brg`, `nama_artis`, `harga_brg`, `stok_brg`, `img_brg`, `id_kategori`) VALUES (NULL, NULL, NULL, NULL, NULL, NULL)', 0)
 2 SYSTEMPATH\Database\BaseConnection.php(666): CodeIgniter\Database\MySQLi\Connection->execute('INSERT INTO `barang` (`nama_brg`, `nama_artis`, `harga_brg`, `stok_brg`, `img_brg`, `id_kategori`) VALUES (NULL, NULL, NULL, NULL, NULL, NULL)')
 3 SYSTEMPATH\Database\BaseConnection.php(593): CodeIgniter\Database\BaseConnection->simpleQuery('INSERT INTO `barang` (`nama_brg`, `nama_artis`, `harga_brg`, `stok_brg`, `img_brg`, `id_kategori`) VALUES (NULL, NULL, NULL, NULL, NULL, NULL)')
 4 SYSTEMPATH\Database\BaseBuilder.php(1916): CodeIgniter\Database\BaseConnection->query('INSERT INTO `barang` (`nama_brg`, `nama_artis`, `harga_brg`, `stok_brg`, `img_brg`, `id_kategori`) VALUES (:nama_brg:, :nama_artis:, :harga_brg:, :stok_brg:, :img_brg:, :id_kategori:)', [...], false)
 5 SYSTEMPATH\Model.php(279): CodeIgniter\Database\BaseBuilder->insert()
 6 SYSTEMPATH\BaseModel.php(749): CodeIgniter\Model->doInsert([...])
 7 SYSTEMPATH\Model.php(667): CodeIgniter\BaseModel->insert([...], true)
 8 APPPATH\Models\Barang.php(25): CodeIgniter\Model->insert([...])
 9 APPPATH\Controllers\Barang.php(33): App\Models\Barang->saveBarang([...])
10 SYSTEMPATH\CodeIgniter.php(927): App\Controllers\Barang->save()
11 SYSTEMPATH\CodeIgniter.php(482): CodeIgniter\CodeIgniter->runController(Object(App\Controllers\Barang))
12 SYSTEMPATH\CodeIgniter.php(351): CodeIgniter\CodeIgniter->handleRequest(null, Object(Config\Cache), false)
13 FCPATH\index.php(67): CodeIgniter\CodeIgniter->run()
14 SYSTEMPATH\Commands\Server\rewrite.php(46): require_once('FCPATH\\index.php')
CRITICAL - 2022-12-01 07:52:27 --> Trying to access array offset on value of type null
in APPPATH\Views\Edit.php on line 35.
 1 APPPATH\Views\Edit.php(35): CodeIgniter\Debug\Exceptions->errorHandler(2, 'Trying to access array offset on value of type null', 'APPPATH\\Views\\Edit.php', 35)
 2 SYSTEMPATH\View\View.php(213): include('APPPATH\\Views\\Edit.php')
 3 SYSTEMPATH\View\View.php(216): CodeIgniter\View\View->CodeIgniter\View\{closure}()
 4 SYSTEMPATH\Common.php(1134): CodeIgniter\View\View->render('edit', [], true)
 5 APPPATH\Controllers\Barang.php(42): view('edit', [...])
 6 SYSTEMPATH\CodeIgniter.php(927): App\Controllers\Barang->edit('12')
 7 SYSTEMPATH\CodeIgniter.php(482): CodeIgniter\CodeIgniter->runController(Object(App\Controllers\Barang))
 8 SYSTEMPATH\CodeIgniter.php(351): CodeIgniter\CodeIgniter->handleRequest(null, Object(Config\Cache), false)
 9 FCPATH\index.php(67): CodeIgniter\CodeIgniter->run()
10 SYSTEMPATH\Commands\Server\rewrite.php(46): require_once('FCPATH\\index.php')
