CRITICAL - 2022-12-05 10:08:09 --> Undefined array key "usn_adm"
in APPPATH\Views\Navbar.php on line 34.
 1 APPPATH\Views\Navbar.php(34): CodeIgniter\Debug\Exceptions->errorHandler(2, 'Undefined array key "usn_adm"', 'APPPATH\\Views\\Navbar.php', 34)
 2 SYSTEMPATH\View\View.php(213): include('APPPATH\\Views\\Navbar.php')
 3 SYSTEMPATH\View\View.php(216): CodeIgniter\View\View->CodeIgniter\View\{closure}()
 4 SYSTEMPATH\View\View.php(431): CodeIgniter\View\View->render('/navbar', null, true)
 5 APPPATH\Views\Admin.php(17): CodeIgniter\View\View->include('/navbar')
 6 SYSTEMPATH\View\View.php(213): include('APPPATH\\Views\\Admin.php')
 7 SYSTEMPATH\View\View.php(216): CodeIgniter\View\View->CodeIgniter\View\{closure}()
 8 SYSTEMPATH\View\View.php(229): CodeIgniter\View\View->render('/Admin', [], true)
 9 SYSTEMPATH\Common.php(1134): CodeIgniter\View\View->render('Barang', [], true)
10 APPPATH\Controllers\Barang.php(16): view('Barang', [...])
11 SYSTEMPATH\CodeIgniter.php(927): App\Controllers\Barang->index()
12 SYSTEMPATH\CodeIgniter.php(482): CodeIgniter\CodeIgniter->runController(Object(App\Controllers\Barang))
13 SYSTEMPATH\CodeIgniter.php(351): CodeIgniter\CodeIgniter->handleRequest(null, Object(Config\Cache), false)
14 FCPATH\index.php(67): CodeIgniter\CodeIgniter->run()
15 SYSTEMPATH\Commands\Server\rewrite.php(46): require_once('FCPATH\\index.php')
CRITICAL - 2022-12-05 10:08:13 --> Undefined array key "usn_adm"
in APPPATH\Views\Navbar.php on line 34.
 1 APPPATH\Views\Navbar.php(34): CodeIgniter\Debug\Exceptions->errorHandler(2, 'Undefined array key "usn_adm"', 'APPPATH\\Views\\Navbar.php', 34)
 2 SYSTEMPATH\View\View.php(213): include('APPPATH\\Views\\Navbar.php')
 3 SYSTEMPATH\View\View.php(216): CodeIgniter\View\View->CodeIgniter\View\{closure}()
 4 SYSTEMPATH\View\View.php(431): CodeIgniter\View\View->render('/navbar', null, true)
 5 APPPATH\Views\Admin.php(17): CodeIgniter\View\View->include('/navbar')
 6 SYSTEMPATH\View\View.php(213): include('APPPATH\\Views\\Admin.php')
 7 SYSTEMPATH\View\View.php(216): CodeIgniter\View\View->CodeIgniter\View\{closure}()
 8 SYSTEMPATH\View\View.php(229): CodeIgniter\View\View->render('/Admin', [], true)
 9 SYSTEMPATH\Common.php(1134): CodeIgniter\View\View->render('Home', [], true)
10 APPPATH\Controllers\Home.php(9): view('Home')
11 SYSTEMPATH\CodeIgniter.php(927): App\Controllers\Home->index()
12 SYSTEMPATH\CodeIgniter.php(482): CodeIgniter\CodeIgniter->runController(Object(App\Controllers\Home))
13 SYSTEMPATH\CodeIgniter.php(351): CodeIgniter\CodeIgniter->handleRequest(null, Object(Config\Cache), false)
14 FCPATH\index.php(67): CodeIgniter\CodeIgniter->run()
15 SYSTEMPATH\Commands\Server\rewrite.php(46): require_once('FCPATH\\index.php')
CRITICAL - 2022-12-05 10:08:16 --> Undefined array key "usn_adm"
in APPPATH\Views\Navbar.php on line 34.
 1 APPPATH\Views\Navbar.php(34): CodeIgniter\Debug\Exceptions->errorHandler(2, 'Undefined array key "usn_adm"', 'APPPATH\\Views\\Navbar.php', 34)
 2 SYSTEMPATH\View\View.php(213): include('APPPATH\\Views\\Navbar.php')
 3 SYSTEMPATH\View\View.php(216): CodeIgniter\View\View->CodeIgniter\View\{closure}()
 4 SYSTEMPATH\View\View.php(431): CodeIgniter\View\View->render('/navbar', null, true)
 5 APPPATH\Views\Admin.php(17): CodeIgniter\View\View->include('/navbar')
 6 SYSTEMPATH\View\View.php(213): include('APPPATH\\Views\\Admin.php')
 7 SYSTEMPATH\View\View.php(216): CodeIgniter\View\View->CodeIgniter\View\{closure}()
 8 SYSTEMPATH\View\View.php(229): CodeIgniter\View\View->render('/Admin', [], true)
 9 SYSTEMPATH\Common.php(1134): CodeIgniter\View\View->render('Barang', [], true)
10 APPPATH\Controllers\Barang.php(16): view('Barang', [...])
11 SYSTEMPATH\CodeIgniter.php(927): App\Controllers\Barang->index()
12 SYSTEMPATH\CodeIgniter.php(482): CodeIgniter\CodeIgniter->runController(Object(App\Controllers\Barang))
13 SYSTEMPATH\CodeIgniter.php(351): CodeIgniter\CodeIgniter->handleRequest(null, Object(Config\Cache), false)
14 FCPATH\index.php(67): CodeIgniter\CodeIgniter->run()
15 SYSTEMPATH\Commands\Server\rewrite.php(46): require_once('FCPATH\\index.php')
CRITICAL - 2022-12-05 10:08:44 --> Undefined array key "usn_adm"
in APPPATH\Views\Navbar.php on line 34.
 1 APPPATH\Views\Navbar.php(34): CodeIgniter\Debug\Exceptions->errorHandler(2, 'Undefined array key "usn_adm"', 'APPPATH\\Views\\Navbar.php', 34)
 2 SYSTEMPATH\View\View.php(213): include('APPPATH\\Views\\Navbar.php')
 3 SYSTEMPATH\View\View.php(216): CodeIgniter\View\View->CodeIgniter\View\{closure}()
 4 SYSTEMPATH\View\View.php(431): CodeIgniter\View\View->render('/navbar', null, true)
 5 APPPATH\Views\Admin.php(17): CodeIgniter\View\View->include('/navbar')
 6 SYSTEMPATH\View\View.php(213): include('APPPATH\\Views\\Admin.php')
 7 SYSTEMPATH\View\View.php(216): CodeIgniter\View\View->CodeIgniter\View\{closure}()
 8 SYSTEMPATH\View\View.php(229): CodeIgniter\View\View->render('/Admin', [], true)
 9 SYSTEMPATH\Common.php(1134): CodeIgniter\View\View->render('Barang', [], true)
10 APPPATH\Controllers\Barang.php(16): view('Barang', [...])
11 SYSTEMPATH\CodeIgniter.php(927): App\Controllers\Barang->index()
12 SYSTEMPATH\CodeIgniter.php(482): CodeIgniter\CodeIgniter->runController(Object(App\Controllers\Barang))
13 SYSTEMPATH\CodeIgniter.php(351): CodeIgniter\CodeIgniter->handleRequest(null, Object(Config\Cache), false)
14 FCPATH\index.php(67): CodeIgniter\CodeIgniter->run()
15 SYSTEMPATH\Commands\Server\rewrite.php(46): require_once('FCPATH\\index.php')
CRITICAL - 2022-12-05 10:21:11 --> Undefined variable $connect
in APPPATH\Views\Add.php on line 34.
 1 APPPATH\Views\Add.php(34): CodeIgniter\Debug\Exceptions->errorHandler(2, 'Undefined variable $connect', 'APPPATH\\Views\\Add.php', 34)
 2 SYSTEMPATH\View\View.php(213): include('APPPATH\\Views\\Add.php')
 3 SYSTEMPATH\View\View.php(216): CodeIgniter\View\View->CodeIgniter\View\{closure}()
 4 SYSTEMPATH\Common.php(1134): CodeIgniter\View\View->render('add', [], true)
 5 APPPATH\Controllers\Barang.php(20): view('add')
 6 SYSTEMPATH\CodeIgniter.php(927): App\Controllers\Barang->create()
 7 SYSTEMPATH\CodeIgniter.php(482): CodeIgniter\CodeIgniter->runController(Object(App\Controllers\Barang))
 8 SYSTEMPATH\CodeIgniter.php(351): CodeIgniter\CodeIgniter->handleRequest(null, Object(Config\Cache), false)
 9 FCPATH\index.php(67): CodeIgniter\CodeIgniter->run()
10 SYSTEMPATH\Commands\Server\rewrite.php(46): require_once('FCPATH\\index.php')
CRITICAL - 2022-12-05 10:21:36 --> Undefined variable $kategori
in APPPATH\Views\Add.php on line 34.
 1 APPPATH\Views\Add.php(34): CodeIgniter\Debug\Exceptions->errorHandler(2, 'Undefined variable $kategori', 'APPPATH\\Views\\Add.php', 34)
 2 SYSTEMPATH\View\View.php(213): include('APPPATH\\Views\\Add.php')
 3 SYSTEMPATH\View\View.php(216): CodeIgniter\View\View->CodeIgniter\View\{closure}()
 4 SYSTEMPATH\Common.php(1134): CodeIgniter\View\View->render('add', [], true)
 5 APPPATH\Controllers\Barang.php(20): view('add')
 6 SYSTEMPATH\CodeIgniter.php(927): App\Controllers\Barang->create()
 7 SYSTEMPATH\CodeIgniter.php(482): CodeIgniter\CodeIgniter->runController(Object(App\Controllers\Barang))
 8 SYSTEMPATH\CodeIgniter.php(351): CodeIgniter\CodeIgniter->handleRequest(null, Object(Config\Cache), false)
 9 FCPATH\index.php(67): CodeIgniter\CodeIgniter->run()
10 SYSTEMPATH\Commands\Server\rewrite.php(46): require_once('FCPATH\\index.php')
ERROR - 2022-12-05 10:27:27 --> mysqli_sql_exception: Column 'nama_brg' cannot be null in C:\xampp\htdocs\proyek-web-charmer\ci-4\system\Database\MySQLi\Connection.php:292
Stack trace:
#0 C:\xampp\htdocs\proyek-web-charmer\ci-4\system\Database\MySQLi\Connection.php(292): mysqli->query('INSERT INTO `ba...', 0)
#1 C:\xampp\htdocs\proyek-web-charmer\ci-4\system\Database\BaseConnection.php(666): CodeIgniter\Database\MySQLi\Connection->execute('INSERT INTO `ba...')
#2 C:\xampp\htdocs\proyek-web-charmer\ci-4\system\Database\BaseConnection.php(593): CodeIgniter\Database\BaseConnection->simpleQuery('INSERT INTO `ba...')
#3 C:\xampp\htdocs\proyek-web-charmer\ci-4\system\Database\BaseBuilder.php(1916): CodeIgniter\Database\BaseConnection->query('INSERT INTO `ba...', Array, false)
#4 C:\xampp\htdocs\proyek-web-charmer\ci-4\system\Model.php(279): CodeIgniter\Database\BaseBuilder->insert()
#5 C:\xampp\htdocs\proyek-web-charmer\ci-4\system\BaseModel.php(749): CodeIgniter\Model->doInsert(Array)
#6 C:\xampp\htdocs\proyek-web-charmer\ci-4\system\Model.php(667): CodeIgniter\BaseModel->insert(Array, true)
#7 C:\xampp\htdocs\proyek-web-charmer\ci-4\app\Models\Barang.php(25): CodeIgniter\Model->insert(Array)
#8 C:\xampp\htdocs\proyek-web-charmer\ci-4\app\Controllers\Barang.php(33): App\Models\Barang->saveBarang(Array)
#9 C:\xampp\htdocs\proyek-web-charmer\ci-4\system\CodeIgniter.php(927): App\Controllers\Barang->save()
#10 C:\xampp\htdocs\proyek-web-charmer\ci-4\system\CodeIgniter.php(482): CodeIgniter\CodeIgniter->runController(Object(App\Controllers\Barang))
#11 C:\xampp\htdocs\proyek-web-charmer\ci-4\system\CodeIgniter.php(351): CodeIgniter\CodeIgniter->handleRequest(NULL, Object(Config\Cache), false)
#12 C:\xampp\htdocs\proyek-web-charmer\ci-4\public\index.php(67): CodeIgniter\CodeIgniter->run()
#13 C:\xampp\htdocs\proyek-web-charmer\ci-4\system\Commands\Server\rewrite.php(46): require_once('C:\\xampp\\htdocs...')
#14 {main}
CRITICAL - 2022-12-05 10:27:27 --> Column 'nama_brg' cannot be null
in SYSTEMPATH\Database\MySQLi\Connection.php on line 292.
 1 SYSTEMPATH\Database\MySQLi\Connection.php(292): mysqli->query('INSERT INTO `barang` (`nama_brg`, `nama_artis`, `harga_brg`, `stok_brg`, `img_brg`, `id_kategori`) VALUES (NULL, NULL, NULL, NULL, NULL, NULL)', 0)
 2 SYSTEMPATH\Database\BaseConnection.php(666): CodeIgniter\Database\MySQLi\Connection->execute('INSERT INTO `barang` (`nama_brg`, `nama_artis`, `harga_brg`, `stok_brg`, `img_brg`, `id_kategori`) VALUES (NULL, NULL, NULL, NULL, NULL, NULL)')
 3 SYSTEMPATH\Database\BaseConnection.php(593): CodeIgniter\Database\BaseConnection->simpleQuery('INSERT INTO `barang` (`nama_brg`, `nama_artis`, `harga_brg`, `stok_brg`, `img_brg`, `id_kategori`) VALUES (NULL, NULL, NULL, NULL, NULL, NULL)')
 4 SYSTEMPATH\Database\BaseBuilder.php(1916): CodeIgniter\Database\BaseConnection->query('INSERT INTO `barang` (`nama_brg`, `nama_artis`, `harga_brg`, `stok_brg`, `img_brg`, `id_kategori`) VALUES (:nama_brg:, :nama_artis:, :harga_brg:, :stok_brg:, :img_brg:, :id_kategori:)', [...], false)
 5 SYSTEMPATH\Model.php(279): CodeIgniter\Database\BaseBuilder->insert()
 6 SYSTEMPATH\BaseModel.php(749): CodeIgniter\Model->doInsert([...])
 7 SYSTEMPATH\Model.php(667): CodeIgniter\BaseModel->insert([...], true)
 8 APPPATH\Models\Barang.php(25): CodeIgniter\Model->insert([...])
 9 APPPATH\Controllers\Barang.php(33): App\Models\Barang->saveBarang([...])
10 SYSTEMPATH\CodeIgniter.php(927): App\Controllers\Barang->save()
11 SYSTEMPATH\CodeIgniter.php(482): CodeIgniter\CodeIgniter->runController(Object(App\Controllers\Barang))
12 SYSTEMPATH\CodeIgniter.php(351): CodeIgniter\CodeIgniter->handleRequest(null, Object(Config\Cache), false)
13 FCPATH\index.php(67): CodeIgniter\CodeIgniter->run()
14 SYSTEMPATH\Commands\Server\rewrite.php(46): require_once('FCPATH\\index.php')
ERROR - 2022-12-05 10:27:36 --> mysqli_sql_exception: Column 'nama_brg' cannot be null in C:\xampp\htdocs\proyek-web-charmer\ci-4\system\Database\MySQLi\Connection.php:292
Stack trace:
#0 C:\xampp\htdocs\proyek-web-charmer\ci-4\system\Database\MySQLi\Connection.php(292): mysqli->query('INSERT INTO `ba...', 0)
#1 C:\xampp\htdocs\proyek-web-charmer\ci-4\system\Database\BaseConnection.php(666): CodeIgniter\Database\MySQLi\Connection->execute('INSERT INTO `ba...')
#2 C:\xampp\htdocs\proyek-web-charmer\ci-4\system\Database\BaseConnection.php(593): CodeIgniter\Database\BaseConnection->simpleQuery('INSERT INTO `ba...')
#3 C:\xampp\htdocs\proyek-web-charmer\ci-4\system\Database\BaseBuilder.php(1916): CodeIgniter\Database\BaseConnection->query('INSERT INTO `ba...', Array, false)
#4 C:\xampp\htdocs\proyek-web-charmer\ci-4\system\Model.php(279): CodeIgniter\Database\BaseBuilder->insert()
#5 C:\xampp\htdocs\proyek-web-charmer\ci-4\system\BaseModel.php(749): CodeIgniter\Model->doInsert(Array)
#6 C:\xampp\htdocs\proyek-web-charmer\ci-4\system\Model.php(667): CodeIgniter\BaseModel->insert(Array, true)
#7 C:\xampp\htdocs\proyek-web-charmer\ci-4\app\Models\Barang.php(25): CodeIgniter\Model->insert(Array)
#8 C:\xampp\htdocs\proyek-web-charmer\ci-4\app\Controllers\Barang.php(33): App\Models\Barang->saveBarang(Array)
#9 C:\xampp\htdocs\proyek-web-charmer\ci-4\system\CodeIgniter.php(927): App\Controllers\Barang->save()
#10 C:\xampp\htdocs\proyek-web-charmer\ci-4\system\CodeIgniter.php(482): CodeIgniter\CodeIgniter->runController(Object(App\Controllers\Barang))
#11 C:\xampp\htdocs\proyek-web-charmer\ci-4\system\CodeIgniter.php(351): CodeIgniter\CodeIgniter->handleRequest(NULL, Object(Config\Cache), false)
#12 C:\xampp\htdocs\proyek-web-charmer\ci-4\public\index.php(67): CodeIgniter\CodeIgniter->run()
#13 C:\xampp\htdocs\proyek-web-charmer\ci-4\system\Commands\Server\rewrite.php(46): require_once('C:\\xampp\\htdocs...')
#14 {main}
CRITICAL - 2022-12-05 10:27:36 --> Column 'nama_brg' cannot be null
in SYSTEMPATH\Database\MySQLi\Connection.php on line 292.
 1 SYSTEMPATH\Database\MySQLi\Connection.php(292): mysqli->query('INSERT INTO `barang` (`nama_brg`, `nama_artis`, `harga_brg`, `stok_brg`, `img_brg`, `id_kategori`) VALUES (NULL, NULL, NULL, NULL, NULL, NULL)', 0)
 2 SYSTEMPATH\Database\BaseConnection.php(666): CodeIgniter\Database\MySQLi\Connection->execute('INSERT INTO `barang` (`nama_brg`, `nama_artis`, `harga_brg`, `stok_brg`, `img_brg`, `id_kategori`) VALUES (NULL, NULL, NULL, NULL, NULL, NULL)')
 3 SYSTEMPATH\Database\BaseConnection.php(593): CodeIgniter\Database\BaseConnection->simpleQuery('INSERT INTO `barang` (`nama_brg`, `nama_artis`, `harga_brg`, `stok_brg`, `img_brg`, `id_kategori`) VALUES (NULL, NULL, NULL, NULL, NULL, NULL)')
 4 SYSTEMPATH\Database\BaseBuilder.php(1916): CodeIgniter\Database\BaseConnection->query('INSERT INTO `barang` (`nama_brg`, `nama_artis`, `harga_brg`, `stok_brg`, `img_brg`, `id_kategori`) VALUES (:nama_brg:, :nama_artis:, :harga_brg:, :stok_brg:, :img_brg:, :id_kategori:)', [...], false)
 5 SYSTEMPATH\Model.php(279): CodeIgniter\Database\BaseBuilder->insert()
 6 SYSTEMPATH\BaseModel.php(749): CodeIgniter\Model->doInsert([...])
 7 SYSTEMPATH\Model.php(667): CodeIgniter\BaseModel->insert([...], true)
 8 APPPATH\Models\Barang.php(25): CodeIgniter\Model->insert([...])
 9 APPPATH\Controllers\Barang.php(33): App\Models\Barang->saveBarang([...])
10 SYSTEMPATH\CodeIgniter.php(927): App\Controllers\Barang->save()
11 SYSTEMPATH\CodeIgniter.php(482): CodeIgniter\CodeIgniter->runController(Object(App\Controllers\Barang))
12 SYSTEMPATH\CodeIgniter.php(351): CodeIgniter\CodeIgniter->handleRequest(null, Object(Config\Cache), false)
13 FCPATH\index.php(67): CodeIgniter\CodeIgniter->run()
14 SYSTEMPATH\Commands\Server\rewrite.php(46): require_once('FCPATH\\index.php')
ERROR - 2022-12-05 10:29:32 --> mysqli_sql_exception: Column 'nama_brg' cannot be null in C:\xampp\htdocs\proyek-web-charmer\ci-4\system\Database\MySQLi\Connection.php:292
Stack trace:
#0 C:\xampp\htdocs\proyek-web-charmer\ci-4\system\Database\MySQLi\Connection.php(292): mysqli->query('INSERT INTO `ba...', 0)
#1 C:\xampp\htdocs\proyek-web-charmer\ci-4\system\Database\BaseConnection.php(666): CodeIgniter\Database\MySQLi\Connection->execute('INSERT INTO `ba...')
#2 C:\xampp\htdocs\proyek-web-charmer\ci-4\system\Database\BaseConnection.php(593): CodeIgniter\Database\BaseConnection->simpleQuery('INSERT INTO `ba...')
#3 C:\xampp\htdocs\proyek-web-charmer\ci-4\system\Database\BaseBuilder.php(1916): CodeIgniter\Database\BaseConnection->query('INSERT INTO `ba...', Array, false)
#4 C:\xampp\htdocs\proyek-web-charmer\ci-4\system\Model.php(279): CodeIgniter\Database\BaseBuilder->insert()
#5 C:\xampp\htdocs\proyek-web-charmer\ci-4\system\BaseModel.php(749): CodeIgniter\Model->doInsert(Array)
#6 C:\xampp\htdocs\proyek-web-charmer\ci-4\system\Model.php(667): CodeIgniter\BaseModel->insert(Array, true)
#7 C:\xampp\htdocs\proyek-web-charmer\ci-4\app\Models\Barang.php(25): CodeIgniter\Model->insert(Array)
#8 C:\xampp\htdocs\proyek-web-charmer\ci-4\app\Controllers\Barang.php(33): App\Models\Barang->saveBarang(Array)
#9 C:\xampp\htdocs\proyek-web-charmer\ci-4\system\CodeIgniter.php(927): App\Controllers\Barang->save()
#10 C:\xampp\htdocs\proyek-web-charmer\ci-4\system\CodeIgniter.php(482): CodeIgniter\CodeIgniter->runController(Object(App\Controllers\Barang))
#11 C:\xampp\htdocs\proyek-web-charmer\ci-4\system\CodeIgniter.php(351): CodeIgniter\CodeIgniter->handleRequest(NULL, Object(Config\Cache), false)
#12 C:\xampp\htdocs\proyek-web-charmer\ci-4\public\index.php(67): CodeIgniter\CodeIgniter->run()
#13 C:\xampp\htdocs\proyek-web-charmer\ci-4\system\Commands\Server\rewrite.php(46): require_once('C:\\xampp\\htdocs...')
#14 {main}
CRITICAL - 2022-12-05 10:29:32 --> Column 'nama_brg' cannot be null
in SYSTEMPATH\Database\MySQLi\Connection.php on line 292.
 1 SYSTEMPATH\Database\MySQLi\Connection.php(292): mysqli->query('INSERT INTO `barang` (`nama_brg`, `nama_artis`, `harga_brg`, `stok_brg`, `img_brg`, `id_kategori`) VALUES (NULL, NULL, NULL, NULL, NULL, NULL)', 0)
 2 SYSTEMPATH\Database\BaseConnection.php(666): CodeIgniter\Database\MySQLi\Connection->execute('INSERT INTO `barang` (`nama_brg`, `nama_artis`, `harga_brg`, `stok_brg`, `img_brg`, `id_kategori`) VALUES (NULL, NULL, NULL, NULL, NULL, NULL)')
 3 SYSTEMPATH\Database\BaseConnection.php(593): CodeIgniter\Database\BaseConnection->simpleQuery('INSERT INTO `barang` (`nama_brg`, `nama_artis`, `harga_brg`, `stok_brg`, `img_brg`, `id_kategori`) VALUES (NULL, NULL, NULL, NULL, NULL, NULL)')
 4 SYSTEMPATH\Database\BaseBuilder.php(1916): CodeIgniter\Database\BaseConnection->query('INSERT INTO `barang` (`nama_brg`, `nama_artis`, `harga_brg`, `stok_brg`, `img_brg`, `id_kategori`) VALUES (:nama_brg:, :nama_artis:, :harga_brg:, :stok_brg:, :img_brg:, :id_kategori:)', [...], false)
 5 SYSTEMPATH\Model.php(279): CodeIgniter\Database\BaseBuilder->insert()
 6 SYSTEMPATH\BaseModel.php(749): CodeIgniter\Model->doInsert([...])
 7 SYSTEMPATH\Model.php(667): CodeIgniter\BaseModel->insert([...], true)
 8 APPPATH\Models\Barang.php(25): CodeIgniter\Model->insert([...])
 9 APPPATH\Controllers\Barang.php(33): App\Models\Barang->saveBarang([...])
10 SYSTEMPATH\CodeIgniter.php(927): App\Controllers\Barang->save()
11 SYSTEMPATH\CodeIgniter.php(482): CodeIgniter\CodeIgniter->runController(Object(App\Controllers\Barang))
12 SYSTEMPATH\CodeIgniter.php(351): CodeIgniter\CodeIgniter->handleRequest(null, Object(Config\Cache), false)
13 FCPATH\index.php(67): CodeIgniter\CodeIgniter->run()
14 SYSTEMPATH\Commands\Server\rewrite.php(46): require_once('FCPATH\\index.php')
ERROR - 2022-12-05 10:30:40 --> mysqli_sql_exception: Column 'nama_brg' cannot be null in C:\xampp\htdocs\proyek-web-charmer\ci-4\system\Database\MySQLi\Connection.php:292
Stack trace:
#0 C:\xampp\htdocs\proyek-web-charmer\ci-4\system\Database\MySQLi\Connection.php(292): mysqli->query('INSERT INTO `ba...', 0)
#1 C:\xampp\htdocs\proyek-web-charmer\ci-4\system\Database\BaseConnection.php(666): CodeIgniter\Database\MySQLi\Connection->execute('INSERT INTO `ba...')
#2 C:\xampp\htdocs\proyek-web-charmer\ci-4\system\Database\BaseConnection.php(593): CodeIgniter\Database\BaseConnection->simpleQuery('INSERT INTO `ba...')
#3 C:\xampp\htdocs\proyek-web-charmer\ci-4\system\Database\BaseBuilder.php(1916): CodeIgniter\Database\BaseConnection->query('INSERT INTO `ba...', Array, false)
#4 C:\xampp\htdocs\proyek-web-charmer\ci-4\system\Model.php(279): CodeIgniter\Database\BaseBuilder->insert()
#5 C:\xampp\htdocs\proyek-web-charmer\ci-4\system\BaseModel.php(749): CodeIgniter\Model->doInsert(Array)
#6 C:\xampp\htdocs\proyek-web-charmer\ci-4\system\Model.php(667): CodeIgniter\BaseModel->insert(Array, true)
#7 C:\xampp\htdocs\proyek-web-charmer\ci-4\app\Models\Barang.php(25): CodeIgniter\Model->insert(Array)
#8 C:\xampp\htdocs\proyek-web-charmer\ci-4\app\Controllers\Barang.php(33): App\Models\Barang->saveBarang(Array)
#9 C:\xampp\htdocs\proyek-web-charmer\ci-4\system\CodeIgniter.php(927): App\Controllers\Barang->save()
#10 C:\xampp\htdocs\proyek-web-charmer\ci-4\system\CodeIgniter.php(482): CodeIgniter\CodeIgniter->runController(Object(App\Controllers\Barang))
#11 C:\xampp\htdocs\proyek-web-charmer\ci-4\system\CodeIgniter.php(351): CodeIgniter\CodeIgniter->handleRequest(NULL, Object(Config\Cache), false)
#12 C:\xampp\htdocs\proyek-web-charmer\ci-4\public\index.php(67): CodeIgniter\CodeIgniter->run()
#13 C:\xampp\htdocs\proyek-web-charmer\ci-4\system\Commands\Server\rewrite.php(46): require_once('C:\\xampp\\htdocs...')
#14 {main}
CRITICAL - 2022-12-05 10:30:40 --> Column 'nama_brg' cannot be null
in SYSTEMPATH\Database\MySQLi\Connection.php on line 292.
 1 SYSTEMPATH\Database\MySQLi\Connection.php(292): mysqli->query('INSERT INTO `barang` (`nama_brg`, `nama_artis`, `harga_brg`, `stok_brg`, `img_brg`, `id_kategori`) VALUES (NULL, NULL, NULL, NULL, NULL, NULL)', 0)
 2 SYSTEMPATH\Database\BaseConnection.php(666): CodeIgniter\Database\MySQLi\Connection->execute('INSERT INTO `barang` (`nama_brg`, `nama_artis`, `harga_brg`, `stok_brg`, `img_brg`, `id_kategori`) VALUES (NULL, NULL, NULL, NULL, NULL, NULL)')
 3 SYSTEMPATH\Database\BaseConnection.php(593): CodeIgniter\Database\BaseConnection->simpleQuery('INSERT INTO `barang` (`nama_brg`, `nama_artis`, `harga_brg`, `stok_brg`, `img_brg`, `id_kategori`) VALUES (NULL, NULL, NULL, NULL, NULL, NULL)')
 4 SYSTEMPATH\Database\BaseBuilder.php(1916): CodeIgniter\Database\BaseConnection->query('INSERT INTO `barang` (`nama_brg`, `nama_artis`, `harga_brg`, `stok_brg`, `img_brg`, `id_kategori`) VALUES (:nama_brg:, :nama_artis:, :harga_brg:, :stok_brg:, :img_brg:, :id_kategori:)', [...], false)
 5 SYSTEMPATH\Model.php(279): CodeIgniter\Database\BaseBuilder->insert()
 6 SYSTEMPATH\BaseModel.php(749): CodeIgniter\Model->doInsert([...])
 7 SYSTEMPATH\Model.php(667): CodeIgniter\BaseModel->insert([...], true)
 8 APPPATH\Models\Barang.php(25): CodeIgniter\Model->insert([...])
 9 APPPATH\Controllers\Barang.php(33): App\Models\Barang->saveBarang([...])
10 SYSTEMPATH\CodeIgniter.php(927): App\Controllers\Barang->save()
11 SYSTEMPATH\CodeIgniter.php(482): CodeIgniter\CodeIgniter->runController(Object(App\Controllers\Barang))
12 SYSTEMPATH\CodeIgniter.php(351): CodeIgniter\CodeIgniter->handleRequest(null, Object(Config\Cache), false)
13 FCPATH\index.php(67): CodeIgniter\CodeIgniter->run()
14 SYSTEMPATH\Commands\Server\rewrite.php(46): require_once('FCPATH\\index.php')
ERROR - 2022-12-05 10:31:14 --> mysqli_sql_exception: Column 'nama_brg' cannot be null in C:\xampp\htdocs\proyek-web-charmer\ci-4\system\Database\MySQLi\Connection.php:292
Stack trace:
#0 C:\xampp\htdocs\proyek-web-charmer\ci-4\system\Database\MySQLi\Connection.php(292): mysqli->query('INSERT INTO `ba...', 0)
#1 C:\xampp\htdocs\proyek-web-charmer\ci-4\system\Database\BaseConnection.php(666): CodeIgniter\Database\MySQLi\Connection->execute('INSERT INTO `ba...')
#2 C:\xampp\htdocs\proyek-web-charmer\ci-4\system\Database\BaseConnection.php(593): CodeIgniter\Database\BaseConnection->simpleQuery('INSERT INTO `ba...')
#3 C:\xampp\htdocs\proyek-web-charmer\ci-4\system\Database\BaseBuilder.php(1916): CodeIgniter\Database\BaseConnection->query('INSERT INTO `ba...', Array, false)
#4 C:\xampp\htdocs\proyek-web-charmer\ci-4\system\Model.php(279): CodeIgniter\Database\BaseBuilder->insert()
#5 C:\xampp\htdocs\proyek-web-charmer\ci-4\system\BaseModel.php(749): CodeIgniter\Model->doInsert(Array)
#6 C:\xampp\htdocs\proyek-web-charmer\ci-4\system\Model.php(667): CodeIgniter\BaseModel->insert(Array, true)
#7 C:\xampp\htdocs\proyek-web-charmer\ci-4\app\Models\Barang.php(25): CodeIgniter\Model->insert(Array)
#8 C:\xampp\htdocs\proyek-web-charmer\ci-4\app\Controllers\Barang.php(33): App\Models\Barang->saveBarang(Array)
#9 C:\xampp\htdocs\proyek-web-charmer\ci-4\system\CodeIgniter.php(927): App\Controllers\Barang->save()
#10 C:\xampp\htdocs\proyek-web-charmer\ci-4\system\CodeIgniter.php(482): CodeIgniter\CodeIgniter->runController(Object(App\Controllers\Barang))
#11 C:\xampp\htdocs\proyek-web-charmer\ci-4\system\CodeIgniter.php(351): CodeIgniter\CodeIgniter->handleRequest(NULL, Object(Config\Cache), false)
#12 C:\xampp\htdocs\proyek-web-charmer\ci-4\public\index.php(67): CodeIgniter\CodeIgniter->run()
#13 C:\xampp\htdocs\proyek-web-charmer\ci-4\system\Commands\Server\rewrite.php(46): require_once('C:\\xampp\\htdocs...')
#14 {main}
CRITICAL - 2022-12-05 10:31:14 --> Column 'nama_brg' cannot be null
in SYSTEMPATH\Database\MySQLi\Connection.php on line 292.
 1 SYSTEMPATH\Database\MySQLi\Connection.php(292): mysqli->query('INSERT INTO `barang` (`nama_brg`, `nama_artis`, `harga_brg`, `stok_brg`, `img_brg`, `id_kategori`) VALUES (NULL, NULL, NULL, NULL, \'po9.png\', NULL)', 0)
 2 SYSTEMPATH\Database\BaseConnection.php(666): CodeIgniter\Database\MySQLi\Connection->execute('INSERT INTO `barang` (`nama_brg`, `nama_artis`, `harga_brg`, `stok_brg`, `img_brg`, `id_kategori`) VALUES (NULL, NULL, NULL, NULL, \'po9.png\', NULL)')
 3 SYSTEMPATH\Database\BaseConnection.php(593): CodeIgniter\Database\BaseConnection->simpleQuery('INSERT INTO `barang` (`nama_brg`, `nama_artis`, `harga_brg`, `stok_brg`, `img_brg`, `id_kategori`) VALUES (NULL, NULL, NULL, NULL, \'po9.png\', NULL)')
 4 SYSTEMPATH\Database\BaseBuilder.php(1916): CodeIgniter\Database\BaseConnection->query('INSERT INTO `barang` (`nama_brg`, `nama_artis`, `harga_brg`, `stok_brg`, `img_brg`, `id_kategori`) VALUES (:nama_brg:, :nama_artis:, :harga_brg:, :stok_brg:, :img_brg:, :id_kategori:)', [...], false)
 5 SYSTEMPATH\Model.php(279): CodeIgniter\Database\BaseBuilder->insert()
 6 SYSTEMPATH\BaseModel.php(749): CodeIgniter\Model->doInsert([...])
 7 SYSTEMPATH\Model.php(667): CodeIgniter\BaseModel->insert([...], true)
 8 APPPATH\Models\Barang.php(25): CodeIgniter\Model->insert([...])
 9 APPPATH\Controllers\Barang.php(33): App\Models\Barang->saveBarang([...])
10 SYSTEMPATH\CodeIgniter.php(927): App\Controllers\Barang->save()
11 SYSTEMPATH\CodeIgniter.php(482): CodeIgniter\CodeIgniter->runController(Object(App\Controllers\Barang))
12 SYSTEMPATH\CodeIgniter.php(351): CodeIgniter\CodeIgniter->handleRequest(null, Object(Config\Cache), false)
13 FCPATH\index.php(67): CodeIgniter\CodeIgniter->run()
14 SYSTEMPATH\Commands\Server\rewrite.php(46): require_once('FCPATH\\index.php')
ERROR - 2022-12-05 10:31:35 --> mysqli_sql_exception: Column 'nama_brg' cannot be null in C:\xampp\htdocs\proyek-web-charmer\ci-4\system\Database\MySQLi\Connection.php:292
Stack trace:
#0 C:\xampp\htdocs\proyek-web-charmer\ci-4\system\Database\MySQLi\Connection.php(292): mysqli->query('INSERT INTO `ba...', 0)
#1 C:\xampp\htdocs\proyek-web-charmer\ci-4\system\Database\BaseConnection.php(666): CodeIgniter\Database\MySQLi\Connection->execute('INSERT INTO `ba...')
#2 C:\xampp\htdocs\proyek-web-charmer\ci-4\system\Database\BaseConnection.php(593): CodeIgniter\Database\BaseConnection->simpleQuery('INSERT INTO `ba...')
#3 C:\xampp\htdocs\proyek-web-charmer\ci-4\system\Database\BaseBuilder.php(1916): CodeIgniter\Database\BaseConnection->query('INSERT INTO `ba...', Array, false)
#4 C:\xampp\htdocs\proyek-web-charmer\ci-4\system\Model.php(279): CodeIgniter\Database\BaseBuilder->insert()
#5 C:\xampp\htdocs\proyek-web-charmer\ci-4\system\BaseModel.php(749): CodeIgniter\Model->doInsert(Array)
#6 C:\xampp\htdocs\proyek-web-charmer\ci-4\system\Model.php(667): CodeIgniter\BaseModel->insert(Array, true)
#7 C:\xampp\htdocs\proyek-web-charmer\ci-4\app\Models\Barang.php(25): CodeIgniter\Model->insert(Array)
#8 C:\xampp\htdocs\proyek-web-charmer\ci-4\app\Controllers\Barang.php(33): App\Models\Barang->saveBarang(Array)
#9 C:\xampp\htdocs\proyek-web-charmer\ci-4\system\CodeIgniter.php(927): App\Controllers\Barang->save()
#10 C:\xampp\htdocs\proyek-web-charmer\ci-4\system\CodeIgniter.php(482): CodeIgniter\CodeIgniter->runController(Object(App\Controllers\Barang))
#11 C:\xampp\htdocs\proyek-web-charmer\ci-4\system\CodeIgniter.php(351): CodeIgniter\CodeIgniter->handleRequest(NULL, Object(Config\Cache), false)
#12 C:\xampp\htdocs\proyek-web-charmer\ci-4\public\index.php(67): CodeIgniter\CodeIgniter->run()
#13 C:\xampp\htdocs\proyek-web-charmer\ci-4\system\Commands\Server\rewrite.php(46): require_once('C:\\xampp\\htdocs...')
#14 {main}
CRITICAL - 2022-12-05 10:31:35 --> Column 'nama_brg' cannot be null
in SYSTEMPATH\Database\MySQLi\Connection.php on line 292.
 1 SYSTEMPATH\Database\MySQLi\Connection.php(292): mysqli->query('INSERT INTO `barang` (`nama_brg`, `nama_artis`, `harga_brg`, `stok_brg`, `img_brg`, `id_kategori`) VALUES (NULL, NULL, NULL, NULL, \'po9.png\', NULL)', 0)
 2 SYSTEMPATH\Database\BaseConnection.php(666): CodeIgniter\Database\MySQLi\Connection->execute('INSERT INTO `barang` (`nama_brg`, `nama_artis`, `harga_brg`, `stok_brg`, `img_brg`, `id_kategori`) VALUES (NULL, NULL, NULL, NULL, \'po9.png\', NULL)')
 3 SYSTEMPATH\Database\BaseConnection.php(593): CodeIgniter\Database\BaseConnection->simpleQuery('INSERT INTO `barang` (`nama_brg`, `nama_artis`, `harga_brg`, `stok_brg`, `img_brg`, `id_kategori`) VALUES (NULL, NULL, NULL, NULL, \'po9.png\', NULL)')
 4 SYSTEMPATH\Database\BaseBuilder.php(1916): CodeIgniter\Database\BaseConnection->query('INSERT INTO `barang` (`nama_brg`, `nama_artis`, `harga_brg`, `stok_brg`, `img_brg`, `id_kategori`) VALUES (:nama_brg:, :nama_artis:, :harga_brg:, :stok_brg:, :img_brg:, :id_kategori:)', [...], false)
 5 SYSTEMPATH\Model.php(279): CodeIgniter\Database\BaseBuilder->insert()
 6 SYSTEMPATH\BaseModel.php(749): CodeIgniter\Model->doInsert([...])
 7 SYSTEMPATH\Model.php(667): CodeIgniter\BaseModel->insert([...], true)
 8 APPPATH\Models\Barang.php(25): CodeIgniter\Model->insert([...])
 9 APPPATH\Controllers\Barang.php(33): App\Models\Barang->saveBarang([...])
10 SYSTEMPATH\CodeIgniter.php(927): App\Controllers\Barang->save()
11 SYSTEMPATH\CodeIgniter.php(482): CodeIgniter\CodeIgniter->runController(Object(App\Controllers\Barang))
12 SYSTEMPATH\CodeIgniter.php(351): CodeIgniter\CodeIgniter->handleRequest(null, Object(Config\Cache), false)
13 FCPATH\index.php(67): CodeIgniter\CodeIgniter->run()
14 SYSTEMPATH\Commands\Server\rewrite.php(46): require_once('FCPATH\\index.php')
ERROR - 2022-12-05 10:32:28 --> mysqli_sql_exception: Column 'harga_brg' cannot be null in C:\xampp\htdocs\proyek-web-charmer\ci-4\system\Database\MySQLi\Connection.php:292
Stack trace:
#0 C:\xampp\htdocs\proyek-web-charmer\ci-4\system\Database\MySQLi\Connection.php(292): mysqli->query('INSERT INTO `ba...', 0)
#1 C:\xampp\htdocs\proyek-web-charmer\ci-4\system\Database\BaseConnection.php(666): CodeIgniter\Database\MySQLi\Connection->execute('INSERT INTO `ba...')
#2 C:\xampp\htdocs\proyek-web-charmer\ci-4\system\Database\BaseConnection.php(593): CodeIgniter\Database\BaseConnection->simpleQuery('INSERT INTO `ba...')
#3 C:\xampp\htdocs\proyek-web-charmer\ci-4\system\Database\BaseBuilder.php(1916): CodeIgniter\Database\BaseConnection->query('INSERT INTO `ba...', Array, false)
#4 C:\xampp\htdocs\proyek-web-charmer\ci-4\system\Model.php(279): CodeIgniter\Database\BaseBuilder->insert()
#5 C:\xampp\htdocs\proyek-web-charmer\ci-4\system\BaseModel.php(749): CodeIgniter\Model->doInsert(Array)
#6 C:\xampp\htdocs\proyek-web-charmer\ci-4\system\Model.php(667): CodeIgniter\BaseModel->insert(Array, true)
#7 C:\xampp\htdocs\proyek-web-charmer\ci-4\app\Models\Barang.php(25): CodeIgniter\Model->insert(Array)
#8 C:\xampp\htdocs\proyek-web-charmer\ci-4\app\Controllers\Barang.php(33): App\Models\Barang->saveBarang(Array)
#9 C:\xampp\htdocs\proyek-web-charmer\ci-4\system\CodeIgniter.php(927): App\Controllers\Barang->save()
#10 C:\xampp\htdocs\proyek-web-charmer\ci-4\system\CodeIgniter.php(482): CodeIgniter\CodeIgniter->runController(Object(App\Controllers\Barang))
#11 C:\xampp\htdocs\proyek-web-charmer\ci-4\system\CodeIgniter.php(351): CodeIgniter\CodeIgniter->handleRequest(NULL, Object(Config\Cache), false)
#12 C:\xampp\htdocs\proyek-web-charmer\ci-4\public\index.php(67): CodeIgniter\CodeIgniter->run()
#13 C:\xampp\htdocs\proyek-web-charmer\ci-4\system\Commands\Server\rewrite.php(46): require_once('C:\\xampp\\htdocs...')
#14 {main}
CRITICAL - 2022-12-05 10:32:28 --> Column 'harga_brg' cannot be null
in SYSTEMPATH\Database\MySQLi\Connection.php on line 292.
 1 SYSTEMPATH\Database\MySQLi\Connection.php(292): mysqli->query('INSERT INTO `barang` (`nama_brg`, `nama_artis`, `harga_brg`, `stok_brg`, `img_brg`, `id_kategori`) VALUES (\'Maxident\', \'Stray Kids\', NULL, NULL, \'po9.png\', NULL)', 0)
 2 SYSTEMPATH\Database\BaseConnection.php(666): CodeIgniter\Database\MySQLi\Connection->execute('INSERT INTO `barang` (`nama_brg`, `nama_artis`, `harga_brg`, `stok_brg`, `img_brg`, `id_kategori`) VALUES (\'Maxident\', \'Stray Kids\', NULL, NULL, \'po9.png\', NULL)')
 3 SYSTEMPATH\Database\BaseConnection.php(593): CodeIgniter\Database\BaseConnection->simpleQuery('INSERT INTO `barang` (`nama_brg`, `nama_artis`, `harga_brg`, `stok_brg`, `img_brg`, `id_kategori`) VALUES (\'Maxident\', \'Stray Kids\', NULL, NULL, \'po9.png\', NULL)')
 4 SYSTEMPATH\Database\BaseBuilder.php(1916): CodeIgniter\Database\BaseConnection->query('INSERT INTO `barang` (`nama_brg`, `nama_artis`, `harga_brg`, `stok_brg`, `img_brg`, `id_kategori`) VALUES (:nama_brg:, :nama_artis:, :harga_brg:, :stok_brg:, :img_brg:, :id_kategori:)', [...], false)
 5 SYSTEMPATH\Model.php(279): CodeIgniter\Database\BaseBuilder->insert()
 6 SYSTEMPATH\BaseModel.php(749): CodeIgniter\Model->doInsert([...])
 7 SYSTEMPATH\Model.php(667): CodeIgniter\BaseModel->insert([...], true)
 8 APPPATH\Models\Barang.php(25): CodeIgniter\Model->insert([...])
 9 APPPATH\Controllers\Barang.php(33): App\Models\Barang->saveBarang([...])
10 SYSTEMPATH\CodeIgniter.php(927): App\Controllers\Barang->save()
11 SYSTEMPATH\CodeIgniter.php(482): CodeIgniter\CodeIgniter->runController(Object(App\Controllers\Barang))
12 SYSTEMPATH\CodeIgniter.php(351): CodeIgniter\CodeIgniter->handleRequest(null, Object(Config\Cache), false)
13 FCPATH\index.php(67): CodeIgniter\CodeIgniter->run()
14 SYSTEMPATH\Commands\Server\rewrite.php(46): require_once('FCPATH\\index.php')
